OpenROAD 41a51eaf4ca2171c92ff38afb91eb37bbd3f36da 
This program is licensed under the BSD-3 license. See the LICENSE file for details.
Components of this program may be licensed under more restrictive licenses which must be honored.
[INFO]: Reading ODB at '/openlane/designs/risc_v_cpu/runs/RUN_2026.03.30_12.09.48/tmp/routing/22-fill.odb'…
define_corners Typical
read_liberty -corner Typical /Users/nikhilshivhare/.ciel/sky130A/libs.ref/sky130_fd_sc_hd/lib/sky130_fd_sc_hd__tt_025C_1v80.lib
Using 1e-12 for capacitance...
Using 1e+03 for resistance...
Using 1e-09 for time...
Using 1e+00 for voltage...
Using 1e-03 for current...
Using 1e-09 for power...
Using 1e-06 for distance...
Reading design constraints file at '/openlane/designs/risc_v_cpu/runs/RUN_2026.03.30_12.09.48/tmp/17-cpu.sdc'…
[INFO ORD-0030] Using 2 thread(s).
[INFO DRT-0149] Reading tech and libs.

Units:                1000
Number of layers:     13
Number of macros:     441
Number of vias:       25
Number of viarulegen: 25

[INFO DRT-0150] Reading design.

Design:                   cpu
Die area:                 ( 0 0 ) ( 800000 800000 )
Number of track patterns: 12
Number of DEF vias:       0
Number of components:     66780
Number of terminals:      36
Number of snets:          2
Number of nets:           8420

[INFO DRT-0167] List of default vias:
  Layer mcon
    default via: L1M1_PR
  Layer via
    default via: M1M2_PR
  Layer via2
    default via: M2M3_PR
  Layer via3
    default via: M3M4_PR
  Layer via4
    default via: M4M5_PR
[INFO DRT-0162] Library cell analysis.
[INFO DRT-0163] Instance analysis.
  Complete 10000 instances.
  Complete 20000 instances.
  Complete 30000 instances.
  Complete 40000 instances.
  Complete 50000 instances.
  Complete 60000 instances.
[INFO DRT-0164] Number of unique instances = 202.
[INFO DRT-0168] Init region query.
[INFO DRT-0018]   Complete 10000 insts.
[INFO DRT-0018]   Complete 20000 insts.
[INFO DRT-0018]   Complete 30000 insts.
[INFO DRT-0018]   Complete 40000 insts.
[INFO DRT-0018]   Complete 50000 insts.
[INFO DRT-0018]   Complete 60000 insts.
[INFO DRT-0024]   Complete FR_MASTERSLICE.
[INFO DRT-0024]   Complete licon.
[INFO DRT-0024]   Complete li1.
[INFO DRT-0024]   Complete mcon.
[INFO DRT-0024]   Complete met1.
[INFO DRT-0024]   Complete via.
[INFO DRT-0024]   Complete met2.
[INFO DRT-0024]   Complete via2.
[INFO DRT-0024]   Complete met3.
[INFO DRT-0024]   Complete via3.
[INFO DRT-0024]   Complete met4.
[INFO DRT-0024]   Complete via4.
[INFO DRT-0024]   Complete met5.
[INFO DRT-0033] FR_MASTERSLICE shape region query size = 0.
[INFO DRT-0033] licon shape region query size = 0.
[INFO DRT-0033] li1 shape region query size = 527325.
[INFO DRT-0033] mcon shape region query size = 661176.
[INFO DRT-0033] met1 shape region query size = 159576.
[INFO DRT-0033] via shape region query size = 100737.
[INFO DRT-0033] met2 shape region query size = 33597.
[INFO DRT-0033] via2 shape region query size = 78351.
[INFO DRT-0033] met3 shape region query size = 33595.
[INFO DRT-0033] via3 shape region query size = 78351.
[INFO DRT-0033] met4 shape region query size = 14391.
[INFO DRT-0033] via4 shape region query size = 3042.
[INFO DRT-0033] met5 shape region query size = 3198.
[INFO DRT-0165] Start pin access.
[INFO DRT-0076]   Complete 100 pins.
[INFO DRT-0076]   Complete 200 pins.
[INFO DRT-0076]   Complete 300 pins.
[INFO DRT-0076]   Complete 400 pins.
[INFO DRT-0076]   Complete 500 pins.
[INFO DRT-0076]   Complete 600 pins.
[INFO DRT-0078]   Complete 689 pins.
[INFO DRT-0079]   Complete 100 unique inst patterns.
[INFO DRT-0081]   Complete 184 unique inst patterns.
[INFO DRT-0082]   Complete 1000 groups.
[INFO DRT-0082]   Complete 2000 groups.
[INFO DRT-0082]   Complete 3000 groups.
[INFO DRT-0082]   Complete 4000 groups.
[INFO DRT-0082]   Complete 5000 groups.
[INFO DRT-0082]   Complete 6000 groups.
[INFO DRT-0084]   Complete 6323 groups.
#scanned instances     = 66780
#unique  instances     = 202
#stdCellGenAp          = 5257
#stdCellValidPlanarAp  = 22
#stdCellValidViaAp     = 3926
#stdCellPinNoAp        = 0
#stdCellPinCnt         = 26356
#instTermValidViaApCnt = 0
#macroGenAp            = 0
#macroValidPlanarAp    = 0
#macroValidViaAp       = 0
#macroNoAp             = 0
[INFO DRT-0166] Complete pin access.
[INFO DRT-0267] cpu time = 00:00:22, elapsed time = 00:00:11, memory = 351.65 (MB), peak = 365.00 (MB)

Number of guides:     63418

[INFO DRT-0169] Post process guides.
[INFO DRT-0176] GCELLGRID X 0 DO 115 STEP 6900 ;
[INFO DRT-0177] GCELLGRID Y 0 DO 115 STEP 6900 ;
[INFO DRT-0026]   Complete 10000 origin guides.
[INFO DRT-0026]   Complete 20000 origin guides.
[INFO DRT-0026]   Complete 30000 origin guides.
[INFO DRT-0026]   Complete 40000 origin guides.
[INFO DRT-0026]   Complete 50000 origin guides.
[INFO DRT-0026]   Complete 60000 origin guides.
[INFO DRT-0028]   Complete FR_MASTERSLICE.
[INFO DRT-0028]   Complete licon.
[INFO DRT-0028]   Complete li1.
[INFO DRT-0028]   Complete mcon.
[INFO DRT-0028]   Complete met1.
[INFO DRT-0028]   Complete via.
[INFO DRT-0028]   Complete met2.
[INFO DRT-0028]   Complete via2.
[INFO DRT-0028]   Complete met3.
[INFO DRT-0028]   Complete via3.
[INFO DRT-0028]   Complete met4.
[INFO DRT-0028]   Complete via4.
[INFO DRT-0028]   Complete met5.
[INFO DRT-0178] Init guide query.
[INFO DRT-0035]   Complete FR_MASTERSLICE (guide).
[INFO DRT-0035]   Complete licon (guide).
[INFO DRT-0035]   Complete li1 (guide).
[INFO DRT-0035]   Complete mcon (guide).
[INFO DRT-0035]   Complete met1 (guide).
[INFO DRT-0035]   Complete via (guide).
[INFO DRT-0035]   Complete met2 (guide).
[INFO DRT-0035]   Complete via2 (guide).
[INFO DRT-0035]   Complete met3 (guide).
[INFO DRT-0035]   Complete via3 (guide).
[INFO DRT-0035]   Complete met4 (guide).
[INFO DRT-0035]   Complete via4 (guide).
[INFO DRT-0035]   Complete met5 (guide).
[INFO DRT-0036] FR_MASTERSLICE guide region query size = 0.
[INFO DRT-0036] licon guide region query size = 0.
[INFO DRT-0036] li1 guide region query size = 22399.
[INFO DRT-0036] mcon guide region query size = 0.
[INFO DRT-0036] met1 guide region query size = 17587.
[INFO DRT-0036] via guide region query size = 0.
[INFO DRT-0036] met2 guide region query size = 9864.
[INFO DRT-0036] via2 guide region query size = 0.
[INFO DRT-0036] met3 guide region query size = 475.
[INFO DRT-0036] via3 guide region query size = 0.
[INFO DRT-0036] met4 guide region query size = 182.
[INFO DRT-0036] via4 guide region query size = 0.
[INFO DRT-0036] met5 guide region query size = 0.
[INFO DRT-0179] Init gr pin query.
[INFO DRT-0245] skipped writing guide updates to database.
[INFO DRT-0185] Post process initialize RPin region query.
[INFO DRT-0181] Start track assignment.
[INFO DRT-0184] Done with 32445 vertical wires in 3 frboxes and 18062 horizontal wires in 3 frboxes.
[INFO DRT-0186] Done with 4943 vertical wires in 3 frboxes and 5040 horizontal wires in 3 frboxes.
[INFO DRT-0182] Complete track assignment.
[INFO DRT-0267] cpu time = 00:00:04, elapsed time = 00:00:02, memory = 530.91 (MB), peak = 618.57 (MB)
[INFO DRT-0187] Start routing data preparation.
[INFO DRT-0267] cpu time = 00:00:00, elapsed time = 00:00:00, memory = 530.91 (MB), peak = 618.57 (MB)
[INFO DRT-0194] Start detail routing.
[INFO DRT-0195] Start 0th optimization iteration.
    Completing 10% with 0 violations.
    elapsed time = 00:00:03, memory = 764.84 (MB).
    Completing 20% with 0 violations.
    elapsed time = 00:00:11, memory = 1282.86 (MB).
    Completing 30% with 1307 violations.
    elapsed time = 00:00:13, memory = 1472.95 (MB).
    Completing 40% with 1307 violations.
    elapsed time = 00:00:20, memory = 1473.14 (MB).
    Completing 50% with 1307 violations.
    elapsed time = 00:00:26, memory = 1523.46 (MB).
    Completing 60% with 2532 violations.
    elapsed time = 00:00:28, memory = 1060.38 (MB).
    Completing 70% with 2532 violations.
    elapsed time = 00:00:37, memory = 1308.67 (MB).
    Completing 80% with 3669 violations.
    elapsed time = 00:00:39, memory = 1489.64 (MB).
    Completing 90% with 3669 violations.
    elapsed time = 00:00:47, memory = 1489.77 (MB).
    Completing 100% with 4811 violations.
    elapsed time = 00:00:52, memory = 934.43 (MB).
[INFO DRT-0199]   Number of violations = 6215.
Viol/Layer         li1   mcon   met1   met2   met3   via3   met4
Cut Spacing          0      4      0      0      0      0      0
Metal Spacing       46      0    623    650      2      0      0
Min Hole             0      0      3      0      0      0      0
Recheck              0      0    815    550     34      0      5
Short                0      1   2241   1233      5      1      2
[INFO DRT-0267] cpu time = 00:01:43, elapsed time = 00:00:52, memory = 957.59 (MB), peak = 1547.25 (MB)
Total wire length = 382998 um.
Total wire length on LAYER li1 = 0 um.
Total wire length on LAYER met1 = 184452 um.
Total wire length on LAYER met2 = 174686 um.
Total wire length on LAYER met3 = 12874 um.
Total wire length on LAYER met4 = 10984 um.
Total wire length on LAYER met5 = 0 um.
Total number of vias = 56490.
Up-via summary (total 56490):.

------------------------
 FR_MASTERSLICE        0
            li1    26413
           met1    29025
           met2      711
           met3      341
           met4        0
------------------------
                   56490


[INFO DRT-0195] Start 1st optimization iteration.
    Completing 10% with 6215 violations.
    elapsed time = 00:00:02, memory = 1113.86 (MB).
    Completing 20% with 6215 violations.
    elapsed time = 00:00:09, memory = 1369.33 (MB).
    Completing 30% with 5094 violations.
    elapsed time = 00:00:10, memory = 1476.13 (MB).
    Completing 40% with 5094 violations.
    elapsed time = 00:00:15, memory = 1476.36 (MB).
    Completing 50% with 5094 violations.
    elapsed time = 00:00:21, memory = 1516.83 (MB).
    Completing 60% with 3952 violations.
    elapsed time = 00:00:22, memory = 1107.36 (MB).
    Completing 70% with 3952 violations.
    elapsed time = 00:00:29, memory = 1347.54 (MB).
    Completing 80% with 3207 violations.
    elapsed time = 00:00:31, memory = 1483.29 (MB).
    Completing 90% with 3207 violations.
    elapsed time = 00:00:38, memory = 1483.45 (MB).
    Completing 100% with 2052 violations.
    elapsed time = 00:00:42, memory = 952.43 (MB).
[INFO DRT-0199]   Number of violations = 2052.
Viol/Layer        mcon   met1   met2
Cut Spacing          2      0      0
Metal Spacing        0    261    235
Short                0   1285    269
[INFO DRT-0267] cpu time = 00:01:23, elapsed time = 00:00:42, memory = 973.62 (MB), peak = 1548.61 (MB)
Total wire length = 381084 um.
Total wire length on LAYER li1 = 0 um.
Total wire length on LAYER met1 = 183753 um.
Total wire length on LAYER met2 = 173408 um.
Total wire length on LAYER met3 = 12890 um.
Total wire length on LAYER met4 = 11031 um.
Total wire length on LAYER met5 = 0 um.
Total number of vias = 56353.
Up-via summary (total 56353):.

------------------------
 FR_MASTERSLICE        0
            li1    26406
           met1    28914
           met2      694
           met3      339
           met4        0
------------------------
                   56353


[INFO DRT-0195] Start 2nd optimization iteration.
    Completing 10% with 2052 violations.
    elapsed time = 00:00:02, memory = 1079.13 (MB).
    Completing 20% with 2052 violations.
    elapsed time = 00:00:07, memory = 1231.48 (MB).
    Completing 30% with 2071 violations.
    elapsed time = 00:00:08, memory = 952.46 (MB).
    Completing 40% with 2071 violations.
    elapsed time = 00:00:14, memory = 1156.39 (MB).
    Completing 50% with 2071 violations.
    elapsed time = 00:00:16, memory = 1230.32 (MB).
    Completing 60% with 2065 violations.
    elapsed time = 00:00:20, memory = 1072.00 (MB).
    Completing 70% with 2065 violations.
    elapsed time = 00:00:25, memory = 1252.30 (MB).
    Completing 80% with 1981 violations.
    elapsed time = 00:00:26, memory = 952.46 (MB).
    Completing 90% with 1981 violations.
    elapsed time = 00:00:34, memory = 1181.50 (MB).
    Completing 100% with 1992 violations.
    elapsed time = 00:00:36, memory = 952.46 (MB).
[INFO DRT-0199]   Number of violations = 1992.
Viol/Layer        met1   met2
Metal Spacing      256    232
Short             1278    226
[INFO DRT-0267] cpu time = 00:01:11, elapsed time = 00:00:36, memory = 973.62 (MB), peak = 1548.61 (MB)
Total wire length = 379889 um.
Total wire length on LAYER li1 = 0 um.
Total wire length on LAYER met1 = 183257 um.
Total wire length on LAYER met2 = 173010 um.
Total wire length on LAYER met3 = 12773 um.
Total wire length on LAYER met4 = 10847 um.
Total wire length on LAYER met5 = 0 um.
Total number of vias = 56021.
Up-via summary (total 56021):.

------------------------
 FR_MASTERSLICE        0
            li1    26406
           met1    28597
           met2      689
           met3      329
           met4        0
------------------------
                   56021


[INFO DRT-0195] Start 3rd optimization iteration.
    Completing 10% with 1992 violations.
    elapsed time = 00:00:00, memory = 1074.42 (MB).
    Completing 20% with 1992 violations.
    elapsed time = 00:00:04, memory = 1352.75 (MB).
    Completing 30% with 1449 violations.
    elapsed time = 00:00:05, memory = 952.47 (MB).
    Completing 40% with 1449 violations.
    elapsed time = 00:00:08, memory = 1131.57 (MB).
    Completing 50% with 1449 violations.
    elapsed time = 00:00:11, memory = 1269.53 (MB).
    Completing 60% with 986 violations.
    elapsed time = 00:00:11, memory = 1016.62 (MB).
    Completing 70% with 986 violations.
    elapsed time = 00:00:16, memory = 1221.42 (MB).
    Completing 80% with 597 violations.
    elapsed time = 00:00:16, memory = 952.52 (MB).
    Completing 90% with 597 violations.
    elapsed time = 00:00:20, memory = 1170.63 (MB).
    Completing 100% with 192 violations.
    elapsed time = 00:00:22, memory = 952.52 (MB).
[INFO DRT-0199]   Number of violations = 192.
Viol/Layer        met1    via   met2
Cut Spacing          0      1      0
Metal Spacing       51      0     27
Min Hole             1      0      0
NS Metal             0      0      2
Short               89      0     21
[INFO DRT-0267] cpu time = 00:00:44, elapsed time = 00:00:22, memory = 961.68 (MB), peak = 1548.61 (MB)
Total wire length = 380308 um.
Total wire length on LAYER li1 = 0 um.
Total wire length on LAYER met1 = 180730 um.
Total wire length on LAYER met2 = 172651 um.
Total wire length on LAYER met3 = 15486 um.
Total wire length on LAYER met4 = 11439 um.
Total wire length on LAYER met5 = 0 um.
Total number of vias = 57192.
Up-via summary (total 57192):.

------------------------
 FR_MASTERSLICE        0
            li1    26406
           met1    29277
           met2     1131
           met3      378
           met4        0
------------------------
                   57192


[INFO DRT-0195] Start 4th optimization iteration.
    Completing 10% with 192 violations.
    elapsed time = 00:00:00, memory = 961.68 (MB).
    Completing 20% with 192 violations.
    elapsed time = 00:00:00, memory = 1048.12 (MB).
    Completing 30% with 178 violations.
    elapsed time = 00:00:00, memory = 952.63 (MB).
    Completing 40% with 178 violations.
    elapsed time = 00:00:00, memory = 985.10 (MB).
    Completing 50% with 178 violations.
    elapsed time = 00:00:01, memory = 990.78 (MB).
    Completing 60% with 134 violations.
    elapsed time = 00:00:01, memory = 990.78 (MB).
    Completing 70% with 134 violations.
    elapsed time = 00:00:02, memory = 1031.66 (MB).
    Completing 80% with 68 violations.
    elapsed time = 00:00:03, memory = 952.77 (MB).
    Completing 90% with 68 violations.
    elapsed time = 00:00:03, memory = 988.77 (MB).
    Completing 100% with 23 violations.
    elapsed time = 00:00:04, memory = 952.82 (MB).
[INFO DRT-0199]   Number of violations = 23.
Viol/Layer        met1
Metal Spacing        2
Short               21
[INFO DRT-0267] cpu time = 00:00:07, elapsed time = 00:00:04, memory = 953.06 (MB), peak = 1548.61 (MB)
Total wire length = 380331 um.
Total wire length on LAYER li1 = 0 um.
Total wire length on LAYER met1 = 180593 um.
Total wire length on LAYER met2 = 172583 um.
Total wire length on LAYER met3 = 15642 um.
Total wire length on LAYER met4 = 11511 um.
Total wire length on LAYER met5 = 0 um.
Total number of vias = 57260.
Up-via summary (total 57260):.

------------------------
 FR_MASTERSLICE        0
            li1    26406
           met1    29322
           met2     1149
           met3      383
           met4        0
------------------------
                   57260


[INFO DRT-0195] Start 5th optimization iteration.
    Completing 10% with 23 violations.
    elapsed time = 00:00:00, memory = 953.06 (MB).
    Completing 20% with 23 violations.
    elapsed time = 00:00:00, memory = 953.06 (MB).
    Completing 30% with 23 violations.
    elapsed time = 00:00:00, memory = 953.06 (MB).
    Completing 40% with 23 violations.
    elapsed time = 00:00:00, memory = 953.06 (MB).
    Completing 50% with 23 violations.
    elapsed time = 00:00:00, memory = 953.06 (MB).
    Completing 60% with 23 violations.
    elapsed time = 00:00:00, memory = 953.06 (MB).
    Completing 70% with 23 violations.
    elapsed time = 00:00:00, memory = 986.27 (MB).
    Completing 80% with 0 violations.
    elapsed time = 00:00:00, memory = 986.27 (MB).
    Completing 90% with 0 violations.
    elapsed time = 00:00:00, memory = 986.27 (MB).
    Completing 100% with 0 violations.
    elapsed time = 00:00:00, memory = 986.27 (MB).
[INFO DRT-0199]   Number of violations = 0.
[INFO DRT-0267] cpu time = 00:00:00, elapsed time = 00:00:00, memory = 986.27 (MB), peak = 1548.61 (MB)
Total wire length = 380318 um.
Total wire length on LAYER li1 = 0 um.
Total wire length on LAYER met1 = 180608 um.
Total wire length on LAYER met2 = 172580 um.
Total wire length on LAYER met3 = 15619 um.
Total wire length on LAYER met4 = 11511 um.
Total wire length on LAYER met5 = 0 um.
Total number of vias = 57251.
Up-via summary (total 57251):.

------------------------
 FR_MASTERSLICE        0
            li1    26406
           met1    29316
           met2     1146
           met3      383
           met4        0
------------------------
                   57251


[INFO DRT-0198] Complete detail routing.
Total wire length = 380318 um.
Total wire length on LAYER li1 = 0 um.
Total wire length on LAYER met1 = 180608 um.
Total wire length on LAYER met2 = 172580 um.
Total wire length on LAYER met3 = 15619 um.
Total wire length on LAYER met4 = 11511 um.
Total wire length on LAYER met5 = 0 um.
Total number of vias = 57251.
Up-via summary (total 57251):.

------------------------
 FR_MASTERSLICE        0
            li1    26406
           met1    29316
           met2     1146
           met3      383
           met4        0
------------------------
                   57251


[INFO DRT-0267] cpu time = 00:05:11, elapsed time = 00:02:38, memory = 986.27 (MB), peak = 1548.61 (MB)

[INFO DRT-0180] Post processing.
Setting global connections for newly added cells…
Writing OpenROAD database to '/openlane/designs/risc_v_cpu/runs/RUN_2026.03.30_12.09.48/results/routing/cpu.odb'…
Writing netlist to '/openlane/designs/risc_v_cpu/runs/RUN_2026.03.30_12.09.48/results/routing/cpu.nl.v'…
Writing powered netlist to '/openlane/designs/risc_v_cpu/runs/RUN_2026.03.30_12.09.48/results/routing/cpu.pnl.v'…
Writing layout to '/openlane/designs/risc_v_cpu/runs/RUN_2026.03.30_12.09.48/results/routing/cpu.def'…
