Mon Mar 30 12:09:49 UTC 2026 - Executing "openroad -exit -no_init -python /openlane/scripts/odbpy/lefutil.py get_metal_layers -o /openlane/designs/risc_v_cpu/runs/RUN_2026.03.30_12.09.48/tmp/layers.list /Users/nikhilshivhare/.ciel/sky130A/libs.ref/sky130_fd_sc_hd/techlef/sky130_fd_sc_hd__nom.tlef"

Mon Mar 30 12:09:49 UTC 2026 - Executing "/openlane/scripts/mergeLef.py -o /openlane/designs/risc_v_cpu/runs/RUN_2026.03.30_12.09.48/tmp/merged.nom.lef -i /Users/nikhilshivhare/.ciel/sky130A/libs.ref/sky130_fd_sc_hd/techlef/sky130_fd_sc_hd__nom.tlef {/Users/nikhilshivhare/.ciel/sky130A/libs.ref/sky130_fd_sc_hd/lef/sky130_ef_sc_hd.lef /Users/nikhilshivhare/.ciel/sky130A/libs.ref/sky130_fd_sc_hd/lef/sky130_fd_sc_hd.lef} |& tee /dev/null"

Mon Mar 30 12:09:49 UTC 2026 - Executing "/openlane/scripts/mergeLef.py -o /openlane/designs/risc_v_cpu/runs/RUN_2026.03.30_12.09.48/tmp/merged.min.lef -i /Users/nikhilshivhare/.ciel/sky130A/libs.ref/sky130_fd_sc_hd/techlef/sky130_fd_sc_hd__min.tlef {/Users/nikhilshivhare/.ciel/sky130A/libs.ref/sky130_fd_sc_hd/lef/sky130_ef_sc_hd.lef /Users/nikhilshivhare/.ciel/sky130A/libs.ref/sky130_fd_sc_hd/lef/sky130_fd_sc_hd.lef} |& tee /dev/null"

Mon Mar 30 12:09:49 UTC 2026 - Executing "/openlane/scripts/mergeLef.py -o /openlane/designs/risc_v_cpu/runs/RUN_2026.03.30_12.09.48/tmp/merged.max.lef -i /Users/nikhilshivhare/.ciel/sky130A/libs.ref/sky130_fd_sc_hd/techlef/sky130_fd_sc_hd__max.tlef {/Users/nikhilshivhare/.ciel/sky130A/libs.ref/sky130_fd_sc_hd/lef/sky130_ef_sc_hd.lef /Users/nikhilshivhare/.ciel/sky130A/libs.ref/sky130_fd_sc_hd/lef/sky130_fd_sc_hd.lef} |& tee /dev/null"

Mon Mar 30 12:09:49 UTC 2026 - Executing "python3 /openlane/scripts/mergeLib.py --output /openlane/designs/risc_v_cpu/runs/RUN_2026.03.30_12.09.48/tmp/synthesis/merged.lib --name sky130A_merged /Users/nikhilshivhare/.ciel/sky130A/libs.ref/sky130_fd_sc_hd/lib/sky130_fd_sc_hd__tt_025C_1v80.lib"

Mon Mar 30 12:09:49 UTC 2026 - Executing "python3 /openlane/scripts/libtrim.py --cell-file /openlane/designs/risc_v_cpu/runs/RUN_2026.03.30_12.09.48/tmp/synthesis/trimmed.lib.exclude.list --output /openlane/designs/risc_v_cpu/runs/RUN_2026.03.30_12.09.48/tmp/synthesis/trimmed.lib /openlane/designs/risc_v_cpu/runs/RUN_2026.03.30_12.09.48/tmp/synthesis/merged.lib"

Mon Mar 30 12:09:49 UTC 2026 - Executing "python3 /openlane/scripts/libtrim.py --cell-file /openlane/designs/risc_v_cpu/runs/RUN_2026.03.30_12.09.48/tmp/cts/cts.lib.exclude.list --output /openlane/designs/risc_v_cpu/runs/RUN_2026.03.30_12.09.48/tmp/cts/cts.lib /Users/nikhilshivhare/.ciel/sky130A/libs.ref/sky130_fd_sc_hd/lib/sky130_fd_sc_hd__tt_025C_1v80.lib"

Mon Mar 30 12:09:50 UTC 2026 - Executing "python3 /openlane/scripts/libtrim.py --cell-file /openlane/designs/risc_v_cpu/runs/RUN_2026.03.30_12.09.48/tmp/cts/cts-fastest.lib.exclude.list --output /openlane/designs/risc_v_cpu/runs/RUN_2026.03.30_12.09.48/tmp/cts/cts-fastest.lib /Users/nikhilshivhare/.ciel/sky130A/libs.ref/sky130_fd_sc_hd/lib/sky130_fd_sc_hd__ff_n40C_1v95.lib"

Mon Mar 30 12:09:50 UTC 2026 - Executing "python3 /openlane/scripts/libtrim.py --cell-file /openlane/designs/risc_v_cpu/runs/RUN_2026.03.30_12.09.48/tmp/cts/cts-slowest.lib.exclude.list --output /openlane/designs/risc_v_cpu/runs/RUN_2026.03.30_12.09.48/tmp/cts/cts-slowest.lib /Users/nikhilshivhare/.ciel/sky130A/libs.ref/sky130_fd_sc_hd/lib/sky130_fd_sc_hd__ss_100C_1v60.lib"

Mon Mar 30 12:09:50 UTC 2026 - Executing "python3 /openlane/scripts/new_tracks.py -i /Users/nikhilshivhare/.ciel/sky130A/libs.tech/openlane/sky130_fd_sc_hd/tracks.info -o /openlane/designs/risc_v_cpu/runs/RUN_2026.03.30_12.09.48/tmp/routing/config.tracks"

Mon Mar 30 12:09:50 UTC 2026 - Executing "echo {OpenLane ff5509f65b17bfa4068d5336495ab1718987ff69} > /openlane/designs/risc_v_cpu/runs/RUN_2026.03.30_12.09.48/OPENLANE_COMMIT"

Mon Mar 30 12:09:50 UTC 2026 - Executing "bash -c {verilator  --lint-only  -Wall  --Wno-DECLFILENAME  --top-module cpu  /openlane/designs/risc_v_cpu/src/*.v -Wno-fatal --relative-includes |& tee /openlane/designs/risc_v_cpu/runs/RUN_2026.03.30_12.09.48/logs/synthesis/linter.log /dev/null}"

Mon Mar 30 12:09:50 UTC 2026 - Executing "sed -E {s/^([[:space:]]+)pg_pin(.*)/\1pin\2\n\1    direction : "inout";/g} /Users/nikhilshivhare/.ciel/sky130A/libs.ref/sky130_fd_sc_hd/lib/sky130_fd_sc_hd__tt_025C_1v80.lib > /openlane/designs/risc_v_cpu/runs/RUN_2026.03.30_12.09.48/tmp/synthesis/1-sky130_fd_sc_hd__tt_025C_1v80.no_pg.lib"

Mon Mar 30 12:09:50 UTC 2026 - Executing "sed -E {s/^([[:space:]]+)pg_pin(.*)/\1pin\2\n\1    direction : "inout";/g} /openlane/designs/risc_v_cpu/runs/RUN_2026.03.30_12.09.48/tmp/synthesis/trimmed.lib > /openlane/designs/risc_v_cpu/runs/RUN_2026.03.30_12.09.48/tmp/synthesis/1-trimmed.no_pg.lib"

Mon Mar 30 12:09:51 UTC 2026 - Executing "yosys -c /openlane/scripts/yosys/synth.tcl |& tee /dev/null /openlane/designs/risc_v_cpu/runs/RUN_2026.03.30_12.09.48/logs/synthesis/1-synthesis.log"

Mon Mar 30 12:10:00 UTC 2026 - Executing "sed -i.bak -e {s/\(set ::env(CURRENT_NETLIST)\).*/\1 \/openlane\/designs\/risc_v_cpu\/runs\/RUN_2026.03.30_12.09.48\/results\/synthesis\/cpu.v/} /openlane/designs/risc_v_cpu/runs/RUN_2026.03.30_12.09.48/config.tcl"

Mon Mar 30 12:10:00 UTC 2026 - Executing "sed -i.bak /defparam/d /openlane/designs/risc_v_cpu/runs/RUN_2026.03.30_12.09.48/results/synthesis/cpu.v"

Mon Mar 30 12:10:01 UTC 2026 - Executing "sta -exit -no_init /openlane/scripts/openroad/sta/multi_corner.tcl |& tee /dev/null /openlane/designs/risc_v_cpu/runs/RUN_2026.03.30_12.09.48/logs/synthesis/2-sta.log"

Mon Mar 30 12:10:02 UTC 2026 - Executing "openroad -exit /openlane/scripts/openroad/floorplan.tcl |& tee /dev/null /openlane/designs/risc_v_cpu/runs/RUN_2026.03.30_12.09.48/logs/floorplan/3-initial_fp.log"

Mon Mar 30 12:10:03 UTC 2026 - Executing "openroad -exit -no_init -python /openlane/scripts/odbpy/defutil.py extract_core_dims --output-data /openlane/designs/risc_v_cpu/runs/RUN_2026.03.30_12.09.48/tmp/dimensions.txt --input-lef /openlane/designs/risc_v_cpu/runs/RUN_2026.03.30_12.09.48/tmp/merged.nom.lef /openlane/designs/risc_v_cpu/runs/RUN_2026.03.30_12.09.48/tmp/floorplan/3-initial_fp.def"

Mon Mar 30 12:10:03 UTC 2026 - Executing "openroad -exit /openlane/scripts/openroad/ioplacer.tcl |& tee /dev/null /openlane/designs/risc_v_cpu/runs/RUN_2026.03.30_12.09.48/logs/floorplan/4-io.log"

Mon Mar 30 12:10:04 UTC 2026 - Executing "openroad -exit /openlane/scripts/openroad/tapcell.tcl |& tee /dev/null /openlane/designs/risc_v_cpu/runs/RUN_2026.03.30_12.09.48/logs/floorplan/5-tap.log"

Mon Mar 30 12:10:04 UTC 2026 - Executing "openroad -exit /openlane/scripts/openroad/pdn.tcl |& tee /dev/null /openlane/designs/risc_v_cpu/runs/RUN_2026.03.30_12.09.48/logs/floorplan/6-pdn.log"

Mon Mar 30 12:10:07 UTC 2026 - Executing "openroad -exit /openlane/scripts/openroad/gpl.tcl |& tee /dev/null /openlane/designs/risc_v_cpu/runs/RUN_2026.03.30_12.09.48/logs/placement/7-global.log"

Mon Mar 30 12:10:13 UTC 2026 - Executing "sed -i.bak -e {s/\(set ::env(CURRENT_NETLIST)\).*/\1 \/openlane\/designs\/risc_v_cpu\/runs\/RUN_2026.03.30_12.09.48\/tmp\/placement\/7-global.nl.v/} /openlane/designs/risc_v_cpu/runs/RUN_2026.03.30_12.09.48/config.tcl"

Mon Mar 30 12:10:13 UTC 2026 - Executing "openroad -exit /openlane/scripts/openroad/sta/multi_corner.tcl |& tee /dev/null /openlane/designs/risc_v_cpu/runs/RUN_2026.03.30_12.09.48/logs/placement/8-gpl_sta.log"

Mon Mar 30 12:10:14 UTC 2026 - Executing "openroad -exit /openlane/scripts/openroad/resizer.tcl |& tee /dev/null /openlane/designs/risc_v_cpu/runs/RUN_2026.03.30_12.09.48/logs/placement/9-resizer.log"

Mon Mar 30 12:10:17 UTC 2026 - Executing "sed -i.bak -e {s/\(set ::env(CURRENT_NETLIST)\).*/\1 \/openlane\/designs\/risc_v_cpu\/runs\/RUN_2026.03.30_12.09.48\/tmp\/placement\/9-resizer.nl.v/} /openlane/designs/risc_v_cpu/runs/RUN_2026.03.30_12.09.48/config.tcl"

Mon Mar 30 12:10:17 UTC 2026 - Executing "openroad -exit /openlane/scripts/openroad/dpl.tcl |& tee /dev/null /openlane/designs/risc_v_cpu/runs/RUN_2026.03.30_12.09.48/logs/placement/10-detailed.log"

Mon Mar 30 12:10:17 UTC 2026 - Executing "sed -i.bak -e {s/\(set ::env(CURRENT_NETLIST)\).*/\1 \/openlane\/designs\/risc_v_cpu\/runs\/RUN_2026.03.30_12.09.48\/results\/placement\/cpu.nl.v/} /openlane/designs/risc_v_cpu/runs/RUN_2026.03.30_12.09.48/config.tcl"

Mon Mar 30 12:10:18 UTC 2026 - Executing "openroad -exit /openlane/scripts/openroad/sta/multi_corner.tcl |& tee /dev/null /openlane/designs/risc_v_cpu/runs/RUN_2026.03.30_12.09.48/logs/placement/11-dpl_sta.log"

Mon Mar 30 12:10:19 UTC 2026 - Executing "openroad -exit /openlane/scripts/openroad/cts.tcl |& tee /dev/null /openlane/designs/risc_v_cpu/runs/RUN_2026.03.30_12.09.48/logs/cts/12-cts.log"

Mon Mar 30 12:10:36 UTC 2026 - Executing "openroad -exit /openlane/scripts/openroad/sta/multi_corner.tcl |& tee /dev/null /openlane/designs/risc_v_cpu/runs/RUN_2026.03.30_12.09.48/logs/cts/13-cts_sta.log"

Mon Mar 30 12:10:38 UTC 2026 - Executing "openroad -exit /openlane/scripts/openroad/resizer_timing.tcl |& tee /dev/null /openlane/designs/risc_v_cpu/runs/RUN_2026.03.30_12.09.48/logs/cts/14-resizer.log"

Mon Mar 30 12:10:46 UTC 2026 - Executing "sed -i.bak -e {s/\(set ::env(CURRENT_NETLIST)\).*/\1 \/openlane\/designs\/risc_v_cpu\/runs\/RUN_2026.03.30_12.09.48\/tmp\/cts\/14-cpu.resized.nl.v/} /openlane/designs/risc_v_cpu/runs/RUN_2026.03.30_12.09.48/config.tcl"

Mon Mar 30 12:10:46 UTC 2026 - Executing "openroad -exit /openlane/scripts/openroad/resizer_routing_design.tcl |& tee /dev/null /openlane/designs/risc_v_cpu/runs/RUN_2026.03.30_12.09.48/logs/routing/15-resizer_design.log"

Mon Mar 30 12:10:50 UTC 2026 - Executing "sed -i.bak -e {s/\(set ::env(CURRENT_NETLIST)\).*/\1 \/openlane\/designs\/risc_v_cpu\/runs\/RUN_2026.03.30_12.09.48\/tmp\/15-cpu.nl.v/} /openlane/designs/risc_v_cpu/runs/RUN_2026.03.30_12.09.48/config.tcl"

Mon Mar 30 12:10:50 UTC 2026 - Executing "openroad -exit /openlane/scripts/openroad/sta/multi_corner.tcl |& tee /dev/null /openlane/designs/risc_v_cpu/runs/RUN_2026.03.30_12.09.48/logs/routing/16-rsz_design_sta.log"

Mon Mar 30 12:10:51 UTC 2026 - Executing "openroad -exit /openlane/scripts/openroad/resizer_routing_timing.tcl |& tee /dev/null /openlane/designs/risc_v_cpu/runs/RUN_2026.03.30_12.09.48/logs/routing/17-resizer_timing.log"

Mon Mar 30 12:10:58 UTC 2026 - Executing "sed -i.bak -e {s/\(set ::env(CURRENT_NETLIST)\).*/\1 \/openlane\/designs\/risc_v_cpu\/runs\/RUN_2026.03.30_12.09.48\/tmp\/17-cpu.nl.v/} /openlane/designs/risc_v_cpu/runs/RUN_2026.03.30_12.09.48/config.tcl"

Mon Mar 30 12:10:58 UTC 2026 - Executing "openroad -exit /openlane/scripts/openroad/sta/multi_corner.tcl |& tee /dev/null /openlane/designs/risc_v_cpu/runs/RUN_2026.03.30_12.09.48/logs/routing/18-rsz_timing_sta.log"

Mon Mar 30 12:10:59 UTC 2026 - Executing "openroad -exit /openlane/scripts/openroad/groute.tcl |& tee /dev/null /openlane/designs/risc_v_cpu/runs/RUN_2026.03.30_12.09.48/logs/routing/19-global.log"

Mon Mar 30 12:11:05 UTC 2026 - Executing "openroad -exit -no_init -python /openlane/scripts/odbpy/defutil.py replace_instance_prefixes --original-prefix ANTENNA --new-prefix INSDIODE1 --input-lef /openlane/designs/risc_v_cpu/runs/RUN_2026.03.30_12.09.48/tmp/merged.nom.lef --output-def /openlane/designs/risc_v_cpu/runs/RUN_2026.03.30_12.09.48/tmp/17-cpu.def --output /openlane/designs/risc_v_cpu/runs/RUN_2026.03.30_12.09.48/tmp/17-cpu.odb /openlane/designs/risc_v_cpu/runs/RUN_2026.03.30_12.09.48/tmp/17-cpu.odb |& tee /dev/null /openlane/designs/risc_v_cpu/runs/RUN_2026.03.30_12.09.48/logs/routing/19-antenna_diodes_1.log"

Mon Mar 30 12:11:05 UTC 2026 - Executing "openroad -exit /openlane/scripts/openroad/groute.tcl |& tee /dev/null /openlane/designs/risc_v_cpu/runs/RUN_2026.03.30_12.09.48/logs/routing/19-antenna_route_1.log"

Mon Mar 30 12:11:11 UTC 2026 - Executing "openroad -exit /openlane/scripts/openroad/write_views.tcl |& tee /dev/null /openlane/designs/risc_v_cpu/runs/RUN_2026.03.30_12.09.48/logs/routing/19-global_write_netlist.log"

Mon Mar 30 12:11:11 UTC 2026 - Executing "sed -i.bak -e {s/\(set ::env(CURRENT_NETLIST)\).*/\1 \/openlane\/designs\/risc_v_cpu\/runs\/RUN_2026.03.30_12.09.48\/tmp\/routing\/global.nl.v/} /openlane/designs/risc_v_cpu/runs/RUN_2026.03.30_12.09.48/config.tcl"

Mon Mar 30 12:11:11 UTC 2026 - Executing "openroad -exit /openlane/scripts/openroad/sta/multi_corner.tcl |& tee /dev/null /openlane/designs/risc_v_cpu/runs/RUN_2026.03.30_12.09.48/logs/routing/21-grt_sta.log"

Mon Mar 30 12:11:12 UTC 2026 - Executing "openroad -exit /openlane/scripts/openroad/fill.tcl |& tee /dev/null /openlane/designs/risc_v_cpu/runs/RUN_2026.03.30_12.09.48/logs/routing/22-fill.log"

Mon Mar 30 12:11:14 UTC 2026 - Executing "sed -i.bak -e {s/\(set ::env(CURRENT_NETLIST)\).*/\1 \/openlane\/designs\/risc_v_cpu\/runs\/RUN_2026.03.30_12.09.48\/tmp\/routing\/22-fill.nl.v/} /openlane/designs/risc_v_cpu/runs/RUN_2026.03.30_12.09.48/config.tcl"

Mon Mar 30 12:11:14 UTC 2026 - Executing "openroad -exit /openlane/scripts/openroad/droute.tcl |& tee /dev/null /openlane/designs/risc_v_cpu/runs/RUN_2026.03.30_12.09.48/logs/routing/23-detailed.log"

Mon Mar 30 12:14:09 UTC 2026 - Executing "sed -i.bak -e {s/\(set ::env(CURRENT_NETLIST)\).*/\1 \/openlane\/designs\/risc_v_cpu\/runs\/RUN_2026.03.30_12.09.48\/results\/routing\/cpu.nl.v/} /openlane/designs/risc_v_cpu/runs/RUN_2026.03.30_12.09.48/config.tcl"

Mon Mar 30 12:14:09 UTC 2026 - Executing "python3 /openlane/scripts/drc_rosetta.py tr to_klayout -o /openlane/designs/risc_v_cpu/runs/RUN_2026.03.30_12.09.48/reports/routing/drt.klayout.xml --design-name cpu /openlane/designs/risc_v_cpu/runs/RUN_2026.03.30_12.09.48/reports/routing/drt.drc"

Mon Mar 30 12:14:09 UTC 2026 - Executing "openroad -exit -no_init -python /openlane/scripts/odbpy/wire_lengths.py --report-out /openlane/designs/risc_v_cpu/runs/RUN_2026.03.30_12.09.48/reports/routing/24-wire_lengths.csv --input-lef /openlane/designs/risc_v_cpu/runs/RUN_2026.03.30_12.09.48/tmp/merged.nom.lef --output-def /dev/null --output /openlane/designs/risc_v_cpu/runs/RUN_2026.03.30_12.09.48/results/routing/cpu.odb /openlane/designs/risc_v_cpu/runs/RUN_2026.03.30_12.09.48/results/routing/cpu.odb |& tee /dev/null /openlane/designs/risc_v_cpu/runs/RUN_2026.03.30_12.09.48/logs/routing/24-wire_lengths.log"

Mon Mar 30 12:14:10 UTC 2026 - Executing "openroad -exit /openlane/scripts/openroad/rcx.tcl |& tee /dev/null /openlane/designs/risc_v_cpu/runs/RUN_2026.03.30_12.09.48/logs/signoff/25-parasitics_extraction.min.log"

Mon Mar 30 12:14:13 UTC 2026 - Executing "sta -exit -no_init /openlane/scripts/openroad/sta/multi_corner.tcl |& tee /dev/null /openlane/designs/risc_v_cpu/runs/RUN_2026.03.30_12.09.48/logs/signoff/26-rcx_mcsta.min.log"

Mon Mar 30 12:14:19 UTC 2026 - Executing "openroad -exit /openlane/scripts/openroad/rcx.tcl |& tee /dev/null /openlane/designs/risc_v_cpu/runs/RUN_2026.03.30_12.09.48/logs/signoff/27-parasitics_extraction.max.log"

Mon Mar 30 12:14:21 UTC 2026 - Executing "sta -exit -no_init /openlane/scripts/openroad/sta/multi_corner.tcl |& tee /dev/null /openlane/designs/risc_v_cpu/runs/RUN_2026.03.30_12.09.48/logs/signoff/28-rcx_mcsta.max.log"

Mon Mar 30 12:14:28 UTC 2026 - Executing "openroad -exit /openlane/scripts/openroad/rcx.tcl |& tee /dev/null /openlane/designs/risc_v_cpu/runs/RUN_2026.03.30_12.09.48/logs/signoff/29-parasitics_extraction.nom.log"

Mon Mar 30 12:14:30 UTC 2026 - Executing "sta -exit -no_init /openlane/scripts/openroad/sta/multi_corner.tcl |& tee /dev/null /openlane/designs/risc_v_cpu/runs/RUN_2026.03.30_12.09.48/logs/signoff/30-rcx_mcsta.nom.log"

Mon Mar 30 12:14:36 UTC 2026 - Executing "sta -exit -no_init /openlane/scripts/openroad/sta/multi_corner.tcl |& tee /dev/null /openlane/designs/risc_v_cpu/runs/RUN_2026.03.30_12.09.48/logs/signoff/31-rcx_sta.log"

Mon Mar 30 12:14:38 UTC 2026 - Executing "openroad -exit /openlane/scripts/openroad/irdrop.tcl |& tee /dev/null /openlane/designs/risc_v_cpu/runs/RUN_2026.03.30_12.09.48/logs/signoff/32-irdrop.log"

Mon Mar 30 12:14:42 UTC 2026 - Executing "magic -noconsole -dnull -rcfile /Users/nikhilshivhare/.ciel/sky130A/libs.tech/magic/sky130A.magicrc < /openlane/scripts/magic/wrapper.tcl |& tee /dev/null /openlane/designs/risc_v_cpu/runs/RUN_2026.03.30_12.09.48/logs/signoff/33-gdsii.log"

Mon Mar 30 12:14:52 UTC 2026 - Executing "magic -noconsole -dnull -rcfile /Users/nikhilshivhare/.ciel/sky130A/libs.tech/magic/sky130A.magicrc < /openlane/scripts/magic/wrapper.tcl |& tee /dev/null /openlane/designs/risc_v_cpu/runs/RUN_2026.03.30_12.09.48/logs/signoff/33-gds_ptrs.log"

Mon Mar 30 12:14:57 UTC 2026 - Executing "sed -i.bak -n {/^<< properties >>/,/^<< end >>/p} /openlane/designs/risc_v_cpu/runs/RUN_2026.03.30_12.09.48/tmp/signoff/gds_ptrs.mag"

Mon Mar 30 12:14:57 UTC 2026 - Executing "magic -noconsole -dnull -rcfile /Users/nikhilshivhare/.ciel/sky130A/libs.tech/magic/sky130A.magicrc < /openlane/scripts/magic/wrapper.tcl |& tee /dev/null /openlane/designs/risc_v_cpu/runs/RUN_2026.03.30_12.09.48/logs/signoff/33-lef.log"

Mon Mar 30 12:15:12 UTC 2026 - Executing "magic -noconsole -dnull -rcfile /Users/nikhilshivhare/.ciel/sky130A/libs.tech/magic/sky130A.magicrc < /openlane/scripts/magic/wrapper.tcl |& tee /dev/null /openlane/designs/risc_v_cpu/runs/RUN_2026.03.30_12.09.48/logs/signoff/33-maglef.log"

Mon Mar 30 12:15:12 UTC 2026 - Executing "python3 /openlane/scripts/klayout/stream_out.py --output /openlane/designs/risc_v_cpu/runs/RUN_2026.03.30_12.09.48/results/signoff/cpu.klayout.gds --lyt /Users/nikhilshivhare/.ciel/sky130A/libs.tech/klayout/tech/sky130A.lyt --lym /Users/nikhilshivhare/.ciel/sky130A/libs.tech/klayout/tech/sky130A.map --lyp /Users/nikhilshivhare/.ciel/sky130A/libs.tech/klayout/tech/sky130A.lyp --top cpu --with-gds-file /Users/nikhilshivhare/.ciel/sky130A/libs.ref/sky130_fd_sc_hd/gds/sky130_fd_sc_hd.gds --input-lef /openlane/designs/risc_v_cpu/runs/RUN_2026.03.30_12.09.48/tmp/merged.nom.lef /openlane/designs/risc_v_cpu/runs/RUN_2026.03.30_12.09.48/results/routing/cpu.def |& tee /dev/null /openlane/designs/risc_v_cpu/runs/RUN_2026.03.30_12.09.48/logs/signoff/34-gdsii-klayout.log"

Mon Mar 30 12:15:14 UTC 2026 - Executing "klayout -b -r /openlane/scripts/klayout/xor.drc -rd a=/openlane/designs/risc_v_cpu/runs/RUN_2026.03.30_12.09.48/results/signoff/cpu.gds -rd b=/openlane/designs/risc_v_cpu/runs/RUN_2026.03.30_12.09.48/results/signoff/cpu.klayout.gds -rd jobs=1 -rd rdb_out=/openlane/designs/risc_v_cpu/runs/RUN_2026.03.30_12.09.48/reports/signoff/35-xor.xml -rd ignore=81/14 -rd rpt_out=/openlane/designs/risc_v_cpu/runs/RUN_2026.03.30_12.09.48/reports/signoff/35-xor.rpt |& tee /dev/null /openlane/designs/risc_v_cpu/runs/RUN_2026.03.30_12.09.48/logs/signoff/35-xor.log"

Mon Mar 30 12:15:31 UTC 2026 - Executing "magic -noconsole -dnull -rcfile /Users/nikhilshivhare/.ciel/sky130A/libs.tech/magic/sky130A.magicrc < /openlane/scripts/magic/wrapper.tcl |& tee /dev/null /openlane/designs/risc_v_cpu/runs/RUN_2026.03.30_12.09.48/logs/signoff/36-spice.log"

Mon Mar 30 12:16:40 UTC 2026 - Executing "openroad -exit -no_init -python /openlane/scripts/odbpy/power_utils.py write_powered_def --output /openlane/designs/risc_v_cpu/runs/RUN_2026.03.30_12.09.48/tmp/signoff/36-cpu.p.def --input-lef /openlane/designs/risc_v_cpu/runs/RUN_2026.03.30_12.09.48/tmp/merged.nom.lef --power-port VPWR --ground-port VGND --powered-netlist {} /openlane/designs/risc_v_cpu/runs/RUN_2026.03.30_12.09.48/results/routing/cpu.def |& tee /dev/null /openlane/designs/risc_v_cpu/runs/RUN_2026.03.30_12.09.48/logs/signoff/37-write_powered_def.log"

Mon Mar 30 12:16:41 UTC 2026 - Executing "openroad -exit /openlane/scripts/openroad/write_views.tcl |& tee /dev/null /openlane/designs/risc_v_cpu/runs/RUN_2026.03.30_12.09.48/logs/signoff/37-write_powered_verilog.log"

Mon Mar 30 12:16:42 UTC 2026 - Executing "sed -i.bak -e {s/\(set ::env(CURRENT_NETLIST)\).*/\1 \/openlane\/designs\/risc_v_cpu\/runs\/RUN_2026.03.30_12.09.48\/tmp\/signoff\/36-cpu.nl.v/} /openlane/designs/risc_v_cpu/runs/RUN_2026.03.30_12.09.48/config.tcl"

Mon Mar 30 12:16:42 UTC 2026 - Executing "netgen -batch source /openlane/designs/risc_v_cpu/runs/RUN_2026.03.30_12.09.48/tmp/signoff/39-setup_file.lef.lvs |& tee /dev/null /openlane/designs/risc_v_cpu/runs/RUN_2026.03.30_12.09.48/logs/signoff/39-lvs.lef.log"

Mon Mar 30 12:16:46 UTC 2026 - Executing "magic -noconsole -dnull -rcfile /Users/nikhilshivhare/.ciel/sky130A/libs.tech/magic/sky130A.magicrc < /openlane/scripts/magic/wrapper.tcl |& tee /dev/null /openlane/designs/risc_v_cpu/runs/RUN_2026.03.30_12.09.48/logs/signoff/40-drc.log"

Mon Mar 30 12:16:51 UTC 2026 - Executing "python3 /openlane/scripts/drc_rosetta.py magic to_tcl -o /openlane/designs/risc_v_cpu/runs/RUN_2026.03.30_12.09.48/reports/signoff/drc.tcl /openlane/designs/risc_v_cpu/runs/RUN_2026.03.30_12.09.48/reports/signoff/drc.rpt"

Mon Mar 30 12:16:51 UTC 2026 - Executing "python3 /openlane/scripts/drc_rosetta.py magic to_tr -o /openlane/designs/risc_v_cpu/runs/RUN_2026.03.30_12.09.48/reports/signoff/drc.tr /openlane/designs/risc_v_cpu/runs/RUN_2026.03.30_12.09.48/reports/signoff/drc.rpt"

Mon Mar 30 12:16:51 UTC 2026 - Executing "python3 /openlane/scripts/drc_rosetta.py tr to_klayout -o /openlane/designs/risc_v_cpu/runs/RUN_2026.03.30_12.09.48/reports/signoff/drc.klayout.xml --design-name cpu /openlane/designs/risc_v_cpu/runs/RUN_2026.03.30_12.09.48/reports/signoff/drc.tr"

Mon Mar 30 12:16:51 UTC 2026 - Executing "python3 /openlane/scripts/drc_rosetta.py magic to_rdb -o /openlane/designs/risc_v_cpu/runs/RUN_2026.03.30_12.09.48/reports/signoff/drc.rdb /openlane/designs/risc_v_cpu/runs/RUN_2026.03.30_12.09.48/reports/signoff/drc.rpt"

Mon Mar 30 12:16:51 UTC 2026 - Executing "openroad -exit /openlane/scripts/openroad/antenna_check.tcl |& tee /dev/null /openlane/designs/risc_v_cpu/runs/RUN_2026.03.30_12.09.48/logs/signoff/41-arc.log"

Mon Mar 30 12:16:53 UTC 2026 - Executing "python3 /openlane/scripts/extract_antenna_violators.py --output /openlane/designs/risc_v_cpu/runs/RUN_2026.03.30_12.09.48/reports/signoff/41-antenna_violators.rpt --plain-out /openlane/designs/risc_v_cpu/runs/RUN_2026.03.30_12.09.48/reports/signoff/41-antenna_violators_pins.txt /openlane/designs/risc_v_cpu/runs/RUN_2026.03.30_12.09.48/logs/signoff/41-arc.log"

Mon Mar 30 12:16:53 UTC 2026 - Executing "awk -v vdd=VPWR -v gnd=VGND -f /Users/nikhilshivhare/.ciel/sky130A/libs.tech/openlane/cvc/power.awk /openlane/designs/risc_v_cpu/runs/RUN_2026.03.30_12.09.48/tmp/signoff/36-cpu.nl.v > /openlane/designs/risc_v_cpu/runs/RUN_2026.03.30_12.09.48/tmp/signoff/cpu.power"

Mon Mar 30 12:16:53 UTC 2026 - Executing "awk -f /Users/nikhilshivhare/.ciel/sky130A/libs.tech/openlane/cvc/cdl.awk /Users/nikhilshivhare/.ciel/sky130A/libs.ref/sky130_fd_sc_hd/cdl/sky130_fd_sc_hd.cdl /openlane/designs/risc_v_cpu/runs/RUN_2026.03.30_12.09.48/results/signoff/cpu.lef.spice > /openlane/designs/risc_v_cpu/runs/RUN_2026.03.30_12.09.48/tmp/signoff/cpu.cdl"

Mon Mar 30 12:16:53 UTC 2026 - Executing "cvc_rv /Users/nikhilshivhare/.ciel/sky130A/libs.tech/openlane/cvc/cvcrc |& tee /dev/null /openlane/designs/risc_v_cpu/runs/RUN_2026.03.30_12.09.48/logs/signoff/42-erc_screen.log"

