OpenROAD 41a51eaf4ca2171c92ff38afb91eb37bbd3f36da 
This program is licensed under the BSD-3 license. See the LICENSE file for details.
Components of this program may be licensed under more restrictive licenses which must be honored.
[INFO]: Reading ODB at '/openlane/designs/risc_v_cpu/runs/RUN_2026.03.30_12.09.48/tmp/placement/7-global.odb'…
define_corners Slowest Typical Fastest
read_liberty -corner Slowest /Users/nikhilshivhare/.ciel/sky130A/libs.ref/sky130_fd_sc_hd/lib/sky130_fd_sc_hd__ss_100C_1v60.lib
read_liberty -corner Typical /Users/nikhilshivhare/.ciel/sky130A/libs.ref/sky130_fd_sc_hd/lib/sky130_fd_sc_hd__tt_025C_1v80.lib
read_liberty -corner Fastest /Users/nikhilshivhare/.ciel/sky130A/libs.ref/sky130_fd_sc_hd/lib/sky130_fd_sc_hd__ff_n40C_1v95.lib
Using 1e-12 for capacitance...
Using 1e+03 for resistance...
Using 1e-09 for time...
Using 1e+00 for voltage...
Using 1e-03 for current...
Using 1e-09 for power...
Using 1e-06 for distance...
Reading design constraints file at '/openlane/designs/risc_v_cpu/runs/RUN_2026.03.30_12.09.48/tmp/floorplan/3-initial_fp.sdc'…
[INFO]: Setting RC values...
[INFO RSZ-0027] Inserted 1 input buffers.
[INFO RSZ-0028] Inserted 32 output buffers.
[INFO RSZ-0058] Using max wire length 4508um.
[INFO RSZ-0034] Found 5 slew violations.
[INFO RSZ-0038] Inserted 7 buffers in 5 nets.
[INFO RSZ-0039] Resized 5789 instances.
[INFO RSZ-0042] Inserted 61 tie sky130_fd_sc_hd__conb_1 instances.
[INFO RSZ-0042] Inserted 4 tie sky130_fd_sc_hd__conb_1 instances.
Placement Analysis
---------------------------------
total displacement      13178.9 u
average displacement        0.8 u
max displacement            7.0 u
original HPWL          287221.7 u
legalized HPWL         296958.1 u
delta HPWL                    3 %

[INFO DPL-0020] Mirrored 2199 instances
[INFO DPL-0021] HPWL before          296958.1 u
[INFO DPL-0022] HPWL after           293691.6 u
[INFO DPL-0023] HPWL delta               -1.1 %
Setting global connections for newly added cells…
Writing OpenROAD database to '/openlane/designs/risc_v_cpu/runs/RUN_2026.03.30_12.09.48/tmp/placement/9-resizer.odb'…
Writing netlist to '/openlane/designs/risc_v_cpu/runs/RUN_2026.03.30_12.09.48/tmp/placement/9-resizer.nl.v'…
Writing powered netlist to '/openlane/designs/risc_v_cpu/runs/RUN_2026.03.30_12.09.48/tmp/placement/9-resizer.pnl.v'…
Writing layout to '/openlane/designs/risc_v_cpu/runs/RUN_2026.03.30_12.09.48/tmp/placement/9-resizer.def'…
Writing timing constraints to '/openlane/designs/risc_v_cpu/runs/RUN_2026.03.30_12.09.48/tmp/placement/9-resizer.sdc'…
area_report

===========================================================================
report_design_area
============================================================================
Design area 77380 u^2 13% utilization.
area_report_end
