OpenROAD 41a51eaf4ca2171c92ff38afb91eb37bbd3f36da 
This program is licensed under the BSD-3 license. See the LICENSE file for details.
Components of this program may be licensed under more restrictive licenses which must be honored.
[INFO ODB-0222] Reading LEF file: /openlane/designs/risc_v_cpu/runs/RUN_2026.03.30_12.09.48/tmp/merged.min.lef
[INFO ODB-0223]     Created 14 technology layers
[INFO ODB-0224]     Created 25 technology vias
[INFO ODB-0225]     Created 441 library cells
[INFO ODB-0226] Finished LEF file:  /openlane/designs/risc_v_cpu/runs/RUN_2026.03.30_12.09.48/tmp/merged.min.lef
[INFO ODB-0127] Reading DEF file: /openlane/designs/risc_v_cpu/runs/RUN_2026.03.30_12.09.48/results/routing/cpu.def
[INFO ODB-0128] Design: cpu
[INFO ODB-0130]     Created 36 pins.
[INFO ODB-0131]     Created 66780 components and 276319 component-terminals.
[INFO ODB-0132]     Created 2 special nets and 249840 connections.
[INFO ODB-0133]     Created 8420 nets and 26414 connections.
[INFO ODB-0134] Finished DEF file: /openlane/designs/risc_v_cpu/runs/RUN_2026.03.30_12.09.48/results/routing/cpu.def
define_corners Typical
read_liberty -corner Typical /Users/nikhilshivhare/.ciel/sky130A/libs.ref/sky130_fd_sc_hd/lib/sky130_fd_sc_hd__tt_025C_1v80.lib
Using 1e-12 for capacitance...
Using 1e+03 for resistance...
Using 1e-09 for time...
Using 1e+00 for voltage...
Using 1e-03 for current...
Using 1e-09 for power...
Using 1e-06 for distance...
Using RCX ruleset '/Users/nikhilshivhare/.ciel/sky130A/libs.tech/openlane/rules.openrcx.sky130A.min.calibre'...
[INFO RCX-0431] Defined process_corner X with ext_model_index 0
[INFO RCX-0029] Defined extraction corner X
[INFO RCX-0008] extracting parasitics of cpu ...
[INFO RCX-0435] Reading extraction model file /Users/nikhilshivhare/.ciel/sky130A/libs.tech/openlane/rules.openrcx.sky130A.min.calibre ...
[INFO RCX-0436] RC segment generation cpu (max_merge_res 50.0) ...
[INFO RCX-0040] Final 29496 rc segments
[INFO RCX-0439] Coupling Cap extraction cpu ...
[INFO RCX-0440] Coupling threshhold is 0.1000 fF, coupling capacitance less than 0.1000 fF will be grounded.
[INFO RCX-0043] 88723 wires to be extracted
[INFO RCX-0442] 62% completion -- 55205 wires have been extracted
[INFO RCX-0442] 100% completion -- 88723 wires have been extracted
[INFO RCX-0045] Extract 8420 nets, 37916 rsegs, 37916 caps, 66690 ccs
[INFO RCX-0015] Finished extracting cpu.
Writing result to /openlane/designs/risc_v_cpu/runs/RUN_2026.03.30_12.09.48/results/routing/mca/process_corner_min/cpu.spef...
Setting global connections for newly added cells…
[WARNING] Did not save OpenROAD database!
Writing extracted parasitics to '/openlane/designs/risc_v_cpu/runs/RUN_2026.03.30_12.09.48/results/routing/mca/process_corner_min/cpu.spef'…
[INFO RCX-0016] Writing SPEF ...
[INFO RCX-0443] 8420 nets finished
[INFO RCX-0017] Finished writing SPEF ...
