
Magic 8.3 revision 413 - Compiled on Wed Jul 12 10:33:53 UTC 2023.
Starting magic under Tcl interpreter
Using the terminal as the console.
Using NULL graphics device.
Processing system .magicrc file
Sourcing design .magicrc for technology sky130A ...
2 Magic internal units = 1 Lambda
Input style sky130(): scaleFactor=2, multiplier=2
The following types are not handled by extraction and will be treated as non-electrical types:
    ubm 
Scaled tech values by 2 / 1 to match internal grid scaling
Loading sky130A Device Generator Menu ...
Using technology "sky130A", version 1.0.493-0-g0fe599b
Reading LEF data from file /Users/nikhilshivhare/.ciel/sky130A/libs.ref/sky130_fd_sc_hd/techlef/sky130_fd_sc_hd__nom.tlef.
This action cannot be undone.
LEF read, Line 82 (Message): Unknown keyword "ANTENNAMODEL" in LEF file; ignoring.
LEF read, Line 83 (Message): Unknown keyword "ANTENNADIFFSIDEAREARATIO" in LEF file; ignoring.
LEF read, Line 116 (Message): Unknown keyword "MINENCLOSEDAREA" in LEF file; ignoring.
LEF read, Line 118 (Message): Unknown keyword "ANTENNAMODEL" in LEF file; ignoring.
LEF read, Line 119 (Message): Unknown keyword "ANTENNADIFFSIDEAREARATIO" in LEF file; ignoring.
LEF read, Line 125 (Message): Unknown keyword "MAXIMUMDENSITY" in LEF file; ignoring.
LEF read, Line 126 (Message): Unknown keyword "DENSITYCHECKWINDOW" in LEF file; ignoring.
LEF read, Line 127 (Message): Unknown keyword "DENSITYCHECKSTEP" in LEF file; ignoring.
LEF read, Line 160 (Message): Unknown keyword "MINENCLOSEDAREA" in LEF file; ignoring.
LEF read, Line 168 (Message): Unknown keyword "ANTENNAMODEL" in LEF file; ignoring.
LEF read, Line 169 (Message): Unknown keyword "ANTENNADIFFSIDEAREARATIO" in LEF file; ignoring.
LEF read, Line 171 (Message): Unknown keyword "MAXIMUMDENSITY" in LEF file; ignoring.
LEF read, Line 172 (Message): Unknown keyword "DENSITYCHECKWINDOW" in LEF file; ignoring.
LEF read, Line 173 (Message): Unknown keyword "DENSITYCHECKSTEP" in LEF file; ignoring.
LEF read, Line 210 (Message): Unknown keyword "ANTENNAMODEL" in LEF file; ignoring.
LEF read, Line 211 (Message): Unknown keyword "ANTENNADIFFSIDEAREARATIO" in LEF file; ignoring.
LEF read, Line 213 (Message): Unknown keyword "MAXIMUMDENSITY" in LEF file; ignoring.
LEF read, Line 214 (Message): Unknown keyword "DENSITYCHECKWINDOW" in LEF file; ignoring.
LEF read, Line 215 (Message): Unknown keyword "DENSITYCHECKSTEP" in LEF file; ignoring.
LEF read, Line 252 (Message): Unknown keyword "ANTENNAMODEL" in LEF file; ignoring.
LEF read, Line 253 (Message): Unknown keyword "ANTENNADIFFSIDEAREARATIO" in LEF file; ignoring.
LEF read, Line 255 (Message): Unknown keyword "MAXIMUMDENSITY" in LEF file; ignoring.
LEF read, Line 256 (Message): Unknown keyword "DENSITYCHECKWINDOW" in LEF file; ignoring.
LEF read, Line 257 (Message): Unknown keyword "DENSITYCHECKSTEP" in LEF file; ignoring.
LEF read, Line 294 (Message): Unknown keyword "ANTENNAMODEL" in LEF file; ignoring.
LEF read, Line 295 (Message): Unknown keyword "ANTENNADIFFSIDEAREARATIO" in LEF file; ignoring.
LEF read: Processed 801 lines.
Reading DEF data from file /openlane/designs/risc_v_cpu/runs/RUN_2026.03.30_12.09.48/results/routing/cpu.def.
This action cannot be undone.
  Processed 4 vias total.
Cell sky130_fd_sc_hd__diode_2 read from path /Users/nikhilshivhare/.ciel/sky130A/libs.ref/sky130_fd_sc_hd/mag
Cell sky130_fd_sc_hd__decap_6 read from path /Users/nikhilshivhare/.ciel/sky130A/libs.ref/sky130_fd_sc_hd/mag
Cell sky130_fd_sc_hd__fill_1 read from path /Users/nikhilshivhare/.ciel/sky130A/libs.ref/sky130_fd_sc_hd/mag
Cell sky130_ef_sc_hd__decap_12 read from path /Users/nikhilshivhare/.ciel/sky130A/libs.ref/sky130_fd_sc_hd/mag
Cell sky130_fd_sc_hd__decap_3 read from path /Users/nikhilshivhare/.ciel/sky130A/libs.ref/sky130_fd_sc_hd/mag
Cell sky130_fd_sc_hd__decap_8 read from path /Users/nikhilshivhare/.ciel/sky130A/libs.ref/sky130_fd_sc_hd/mag
Cell sky130_fd_sc_hd__decap_4 read from path /Users/nikhilshivhare/.ciel/sky130A/libs.ref/sky130_fd_sc_hd/mag
Cell sky130_fd_sc_hd__fill_2 read from path /Users/nikhilshivhare/.ciel/sky130A/libs.ref/sky130_fd_sc_hd/mag
Cell sky130_fd_sc_hd__tapvpwrvgnd_1 read from path /Users/nikhilshivhare/.ciel/sky130A/libs.ref/sky130_fd_sc_hd/mag
Cell sky130_fd_sc_hd__buf_4 read from path /Users/nikhilshivhare/.ciel/sky130A/libs.ref/sky130_fd_sc_hd/mag
Cell sky130_fd_sc_hd__inv_2 read from path /Users/nikhilshivhare/.ciel/sky130A/libs.ref/sky130_fd_sc_hd/mag
Cell sky130_fd_sc_hd__clkbuf_4 read from path /Users/nikhilshivhare/.ciel/sky130A/libs.ref/sky130_fd_sc_hd/mag
Cell sky130_fd_sc_hd__nand2_2 read from path /Users/nikhilshivhare/.ciel/sky130A/libs.ref/sky130_fd_sc_hd/mag
Cell sky130_fd_sc_hd__conb_1 read from path /Users/nikhilshivhare/.ciel/sky130A/libs.ref/sky130_fd_sc_hd/mag
Cell sky130_fd_sc_hd__o21ai_4 read from path /Users/nikhilshivhare/.ciel/sky130A/libs.ref/sky130_fd_sc_hd/mag
Cell sky130_fd_sc_hd__nand2_1 read from path /Users/nikhilshivhare/.ciel/sky130A/libs.ref/sky130_fd_sc_hd/mag
Cell sky130_fd_sc_hd__o21ai_2 read from path /Users/nikhilshivhare/.ciel/sky130A/libs.ref/sky130_fd_sc_hd/mag
Cell sky130_fd_sc_hd__o21ai_1 read from path /Users/nikhilshivhare/.ciel/sky130A/libs.ref/sky130_fd_sc_hd/mag
Cell sky130_fd_sc_hd__and2b_1 read from path /Users/nikhilshivhare/.ciel/sky130A/libs.ref/sky130_fd_sc_hd/mag
Cell sky130_fd_sc_hd__buf_1 read from path /Users/nikhilshivhare/.ciel/sky130A/libs.ref/sky130_fd_sc_hd/mag
Cell sky130_fd_sc_hd__clkbuf_1 read from path /Users/nikhilshivhare/.ciel/sky130A/libs.ref/sky130_fd_sc_hd/mag
Cell sky130_fd_sc_hd__clkbuf_2 read from path /Users/nikhilshivhare/.ciel/sky130A/libs.ref/sky130_fd_sc_hd/mag
Cell sky130_fd_sc_hd__buf_2 read from path /Users/nikhilshivhare/.ciel/sky130A/libs.ref/sky130_fd_sc_hd/mag
Cell sky130_fd_sc_hd__dlymetal6s2s_1 read from path /Users/nikhilshivhare/.ciel/sky130A/libs.ref/sky130_fd_sc_hd/mag
Cell sky130_fd_sc_hd__buf_6 read from path /Users/nikhilshivhare/.ciel/sky130A/libs.ref/sky130_fd_sc_hd/mag
Cell sky130_fd_sc_hd__buf_8 read from path /Users/nikhilshivhare/.ciel/sky130A/libs.ref/sky130_fd_sc_hd/mag
Cell sky130_fd_sc_hd__a21oi_1 read from path /Users/nikhilshivhare/.ciel/sky130A/libs.ref/sky130_fd_sc_hd/mag
Cell sky130_fd_sc_hd__o21a_2 read from path /Users/nikhilshivhare/.ciel/sky130A/libs.ref/sky130_fd_sc_hd/mag
Cell sky130_fd_sc_hd__o211ai_4 read from path /Users/nikhilshivhare/.ciel/sky130A/libs.ref/sky130_fd_sc_hd/mag
Cell sky130_fd_sc_hd__and2_1 read from path /Users/nikhilshivhare/.ciel/sky130A/libs.ref/sky130_fd_sc_hd/mag
Cell sky130_fd_sc_hd__nor2_1 read from path /Users/nikhilshivhare/.ciel/sky130A/libs.ref/sky130_fd_sc_hd/mag
Cell sky130_fd_sc_hd__a2bb2o_1 read from path /Users/nikhilshivhare/.ciel/sky130A/libs.ref/sky130_fd_sc_hd/mag
Cell sky130_fd_sc_hd__o211a_2 read from path /Users/nikhilshivhare/.ciel/sky130A/libs.ref/sky130_fd_sc_hd/mag
Cell sky130_fd_sc_hd__nand2_4 read from path /Users/nikhilshivhare/.ciel/sky130A/libs.ref/sky130_fd_sc_hd/mag
Cell sky130_fd_sc_hd__nor2_4 read from path /Users/nikhilshivhare/.ciel/sky130A/libs.ref/sky130_fd_sc_hd/mag
Cell sky130_fd_sc_hd__a21oi_4 read from path /Users/nikhilshivhare/.ciel/sky130A/libs.ref/sky130_fd_sc_hd/mag
Cell sky130_fd_sc_hd__nor2_2 read from path /Users/nikhilshivhare/.ciel/sky130A/libs.ref/sky130_fd_sc_hd/mag
Cell sky130_fd_sc_hd__a21o_1 read from path /Users/nikhilshivhare/.ciel/sky130A/libs.ref/sky130_fd_sc_hd/mag
Cell sky130_fd_sc_hd__a311o_1 read from path /Users/nikhilshivhare/.ciel/sky130A/libs.ref/sky130_fd_sc_hd/mag
Cell sky130_fd_sc_hd__a211o_1 read from path /Users/nikhilshivhare/.ciel/sky130A/libs.ref/sky130_fd_sc_hd/mag
Cell sky130_fd_sc_hd__or2_1 read from path /Users/nikhilshivhare/.ciel/sky130A/libs.ref/sky130_fd_sc_hd/mag
Cell sky130_fd_sc_hd__and3_1 read from path /Users/nikhilshivhare/.ciel/sky130A/libs.ref/sky130_fd_sc_hd/mag
Cell sky130_fd_sc_hd__nand3_2 read from path /Users/nikhilshivhare/.ciel/sky130A/libs.ref/sky130_fd_sc_hd/mag
Cell sky130_fd_sc_hd__o21a_1 read from path /Users/nikhilshivhare/.ciel/sky130A/libs.ref/sky130_fd_sc_hd/mag
Cell sky130_fd_sc_hd__or3_1 read from path /Users/nikhilshivhare/.ciel/sky130A/libs.ref/sky130_fd_sc_hd/mag
Cell sky130_fd_sc_hd__a22o_1 read from path /Users/nikhilshivhare/.ciel/sky130A/libs.ref/sky130_fd_sc_hd/mag
Cell sky130_fd_sc_hd__and2_4 read from path /Users/nikhilshivhare/.ciel/sky130A/libs.ref/sky130_fd_sc_hd/mag
Cell sky130_fd_sc_hd__o221a_2 read from path /Users/nikhilshivhare/.ciel/sky130A/libs.ref/sky130_fd_sc_hd/mag
Cell sky130_fd_sc_hd__a31o_1 read from path /Users/nikhilshivhare/.ciel/sky130A/libs.ref/sky130_fd_sc_hd/mag
Cell sky130_fd_sc_hd__nor3b_4 read from path /Users/nikhilshivhare/.ciel/sky130A/libs.ref/sky130_fd_sc_hd/mag
Cell sky130_fd_sc_hd__nand4_4 read from path /Users/nikhilshivhare/.ciel/sky130A/libs.ref/sky130_fd_sc_hd/mag
Cell sky130_fd_sc_hd__nor2b_2 read from path /Users/nikhilshivhare/.ciel/sky130A/libs.ref/sky130_fd_sc_hd/mag
Cell sky130_fd_sc_hd__a31oi_2 read from path /Users/nikhilshivhare/.ciel/sky130A/libs.ref/sky130_fd_sc_hd/mag
Cell sky130_fd_sc_hd__o21bai_4 read from path /Users/nikhilshivhare/.ciel/sky130A/libs.ref/sky130_fd_sc_hd/mag
Cell sky130_fd_sc_hd__o31a_2 read from path /Users/nikhilshivhare/.ciel/sky130A/libs.ref/sky130_fd_sc_hd/mag
Cell sky130_fd_sc_hd__or2_4 read from path /Users/nikhilshivhare/.ciel/sky130A/libs.ref/sky130_fd_sc_hd/mag
Cell sky130_fd_sc_hd__o21a_4 read from path /Users/nikhilshivhare/.ciel/sky130A/libs.ref/sky130_fd_sc_hd/mag
Cell sky130_fd_sc_hd__o21bai_1 read from path /Users/nikhilshivhare/.ciel/sky130A/libs.ref/sky130_fd_sc_hd/mag
Cell sky130_fd_sc_hd__nand4b_2 read from path /Users/nikhilshivhare/.ciel/sky130A/libs.ref/sky130_fd_sc_hd/mag
Cell sky130_fd_sc_hd__a311oi_1 read from path /Users/nikhilshivhare/.ciel/sky130A/libs.ref/sky130_fd_sc_hd/mag
Cell sky130_fd_sc_hd__a311oi_4 read from path /Users/nikhilshivhare/.ciel/sky130A/libs.ref/sky130_fd_sc_hd/mag
Cell sky130_fd_sc_hd__nor3_1 read from path /Users/nikhilshivhare/.ciel/sky130A/libs.ref/sky130_fd_sc_hd/mag
Cell sky130_fd_sc_hd__a21o_4 read from path /Users/nikhilshivhare/.ciel/sky130A/libs.ref/sky130_fd_sc_hd/mag
Cell sky130_fd_sc_hd__nor2_8 read from path /Users/nikhilshivhare/.ciel/sky130A/libs.ref/sky130_fd_sc_hd/mag
Cell sky130_fd_sc_hd__o31a_1 read from path /Users/nikhilshivhare/.ciel/sky130A/libs.ref/sky130_fd_sc_hd/mag
Cell sky130_fd_sc_hd__xor2_2 read from path /Users/nikhilshivhare/.ciel/sky130A/libs.ref/sky130_fd_sc_hd/mag
Cell sky130_fd_sc_hd__a31o_4 read from path /Users/nikhilshivhare/.ciel/sky130A/libs.ref/sky130_fd_sc_hd/mag
Cell sky130_fd_sc_hd__a31oi_4 read from path /Users/nikhilshivhare/.ciel/sky130A/libs.ref/sky130_fd_sc_hd/mag
Cell sky130_fd_sc_hd__a21boi_1 read from path /Users/nikhilshivhare/.ciel/sky130A/libs.ref/sky130_fd_sc_hd/mag
Cell sky130_fd_sc_hd__nor2b_4 read from path /Users/nikhilshivhare/.ciel/sky130A/libs.ref/sky130_fd_sc_hd/mag
Cell sky130_fd_sc_hd__o2bb2ai_2 read from path /Users/nikhilshivhare/.ciel/sky130A/libs.ref/sky130_fd_sc_hd/mag
Cell sky130_fd_sc_hd__a21bo_1 read from path /Users/nikhilshivhare/.ciel/sky130A/libs.ref/sky130_fd_sc_hd/mag
Cell sky130_fd_sc_hd__a21oi_2 read from path /Users/nikhilshivhare/.ciel/sky130A/libs.ref/sky130_fd_sc_hd/mag
Cell sky130_fd_sc_hd__nor4_2 read from path /Users/nikhilshivhare/.ciel/sky130A/libs.ref/sky130_fd_sc_hd/mag
Cell sky130_fd_sc_hd__a41oi_4 read from path /Users/nikhilshivhare/.ciel/sky130A/libs.ref/sky130_fd_sc_hd/mag
Cell sky130_fd_sc_hd__or4bb_4 read from path /Users/nikhilshivhare/.ciel/sky130A/libs.ref/sky130_fd_sc_hd/mag
Cell sky130_fd_sc_hd__o31a_4 read from path /Users/nikhilshivhare/.ciel/sky130A/libs.ref/sky130_fd_sc_hd/mag
Cell sky130_fd_sc_hd__and2b_2 read from path /Users/nikhilshivhare/.ciel/sky130A/libs.ref/sky130_fd_sc_hd/mag
Cell sky130_fd_sc_hd__nand4_1 read from path /Users/nikhilshivhare/.ciel/sky130A/libs.ref/sky130_fd_sc_hd/mag
Cell sky130_fd_sc_hd__o211a_1 read from path /Users/nikhilshivhare/.ciel/sky130A/libs.ref/sky130_fd_sc_hd/mag
Cell sky130_fd_sc_hd__nor3_4 read from path /Users/nikhilshivhare/.ciel/sky130A/libs.ref/sky130_fd_sc_hd/mag
Cell sky130_fd_sc_hd__o21bai_2 read from path /Users/nikhilshivhare/.ciel/sky130A/libs.ref/sky130_fd_sc_hd/mag
Cell sky130_fd_sc_hd__or4_1 read from path /Users/nikhilshivhare/.ciel/sky130A/libs.ref/sky130_fd_sc_hd/mag
Cell sky130_fd_sc_hd__o41a_1 read from path /Users/nikhilshivhare/.ciel/sky130A/libs.ref/sky130_fd_sc_hd/mag
Cell sky130_fd_sc_hd__o22ai_2 read from path /Users/nikhilshivhare/.ciel/sky130A/libs.ref/sky130_fd_sc_hd/mag
Cell sky130_fd_sc_hd__o211ai_1 read from path /Users/nikhilshivhare/.ciel/sky130A/libs.ref/sky130_fd_sc_hd/mag
Cell sky130_fd_sc_hd__clkbuf_16 read from path /Users/nikhilshivhare/.ciel/sky130A/libs.ref/sky130_fd_sc_hd/mag
Cell sky130_fd_sc_hd__clkbuf_8 read from path /Users/nikhilshivhare/.ciel/sky130A/libs.ref/sky130_fd_sc_hd/mag
Cell sky130_fd_sc_hd__nand4_2 read from path /Users/nikhilshivhare/.ciel/sky130A/libs.ref/sky130_fd_sc_hd/mag
Cell sky130_fd_sc_hd__or2b_2 read from path /Users/nikhilshivhare/.ciel/sky130A/libs.ref/sky130_fd_sc_hd/mag
Cell sky130_fd_sc_hd__dlygate4sd3_1 read from path /Users/nikhilshivhare/.ciel/sky130A/libs.ref/sky130_fd_sc_hd/mag
Cell sky130_fd_sc_hd__inv_4 read from path /Users/nikhilshivhare/.ciel/sky130A/libs.ref/sky130_fd_sc_hd/mag
Cell sky130_fd_sc_hd__nand2_8 read from path /Users/nikhilshivhare/.ciel/sky130A/libs.ref/sky130_fd_sc_hd/mag
Cell sky130_fd_sc_hd__xor2_1 read from path /Users/nikhilshivhare/.ciel/sky130A/libs.ref/sky130_fd_sc_hd/mag
Cell sky130_fd_sc_hd__dfrtp_1 read from path /Users/nikhilshivhare/.ciel/sky130A/libs.ref/sky130_fd_sc_hd/mag
Cell sky130_fd_sc_hd__dfrtp_4 read from path /Users/nikhilshivhare/.ciel/sky130A/libs.ref/sky130_fd_sc_hd/mag
Cell sky130_fd_sc_hd__dlygate4sd1_1 read from path /Users/nikhilshivhare/.ciel/sky130A/libs.ref/sky130_fd_sc_hd/mag
Cell sky130_fd_sc_hd__inv_6 read from path /Users/nikhilshivhare/.ciel/sky130A/libs.ref/sky130_fd_sc_hd/mag
Cell sky130_fd_sc_hd__buf_12 read from path /Users/nikhilshivhare/.ciel/sky130A/libs.ref/sky130_fd_sc_hd/mag
Cell sky130_fd_sc_hd__o211ai_2 read from path /Users/nikhilshivhare/.ciel/sky130A/libs.ref/sky130_fd_sc_hd/mag
Cell sky130_fd_sc_hd__nand3_1 read from path /Users/nikhilshivhare/.ciel/sky130A/libs.ref/sky130_fd_sc_hd/mag
Cell sky130_fd_sc_hd__a211oi_1 read from path /Users/nikhilshivhare/.ciel/sky130A/libs.ref/sky130_fd_sc_hd/mag
Cell sky130_fd_sc_hd__o21ba_1 read from path /Users/nikhilshivhare/.ciel/sky130A/libs.ref/sky130_fd_sc_hd/mag
Cell sky130_fd_sc_hd__a211oi_2 read from path /Users/nikhilshivhare/.ciel/sky130A/libs.ref/sky130_fd_sc_hd/mag
Cell sky130_fd_sc_hd__nand3_4 read from path /Users/nikhilshivhare/.ciel/sky130A/libs.ref/sky130_fd_sc_hd/mag
Cell sky130_fd_sc_hd__a211oi_4 read from path /Users/nikhilshivhare/.ciel/sky130A/libs.ref/sky130_fd_sc_hd/mag
Cell sky130_fd_sc_hd__or2b_1 read from path /Users/nikhilshivhare/.ciel/sky130A/libs.ref/sky130_fd_sc_hd/mag
Cell sky130_fd_sc_hd__o22ai_1 read from path /Users/nikhilshivhare/.ciel/sky130A/libs.ref/sky130_fd_sc_hd/mag
Cell sky130_fd_sc_hd__o22ai_4 read from path /Users/nikhilshivhare/.ciel/sky130A/libs.ref/sky130_fd_sc_hd/mag
Cell sky130_fd_sc_hd__nand3b_4 read from path /Users/nikhilshivhare/.ciel/sky130A/libs.ref/sky130_fd_sc_hd/mag
Cell sky130_fd_sc_hd__nor4b_2 read from path /Users/nikhilshivhare/.ciel/sky130A/libs.ref/sky130_fd_sc_hd/mag
Cell sky130_fd_sc_hd__mux2_1 read from path /Users/nikhilshivhare/.ciel/sky130A/libs.ref/sky130_fd_sc_hd/mag
Cell sky130_fd_sc_hd__and3_4 read from path /Users/nikhilshivhare/.ciel/sky130A/libs.ref/sky130_fd_sc_hd/mag
Cell sky130_fd_sc_hd__and3_2 read from path /Users/nikhilshivhare/.ciel/sky130A/libs.ref/sky130_fd_sc_hd/mag
Cell sky130_fd_sc_hd__and4b_2 read from path /Users/nikhilshivhare/.ciel/sky130A/libs.ref/sky130_fd_sc_hd/mag
Cell sky130_fd_sc_hd__nor4b_4 read from path /Users/nikhilshivhare/.ciel/sky130A/libs.ref/sky130_fd_sc_hd/mag
Cell sky130_fd_sc_hd__nor3b_2 read from path /Users/nikhilshivhare/.ciel/sky130A/libs.ref/sky130_fd_sc_hd/mag
Cell sky130_fd_sc_hd__and4bb_2 read from path /Users/nikhilshivhare/.ciel/sky130A/libs.ref/sky130_fd_sc_hd/mag
Cell sky130_fd_sc_hd__nand3b_2 read from path /Users/nikhilshivhare/.ciel/sky130A/libs.ref/sky130_fd_sc_hd/mag
Cell sky130_fd_sc_hd__nor4_1 read from path /Users/nikhilshivhare/.ciel/sky130A/libs.ref/sky130_fd_sc_hd/mag
Cell sky130_fd_sc_hd__nor3_2 read from path /Users/nikhilshivhare/.ciel/sky130A/libs.ref/sky130_fd_sc_hd/mag
Cell sky130_fd_sc_hd__and4_2 read from path /Users/nikhilshivhare/.ciel/sky130A/libs.ref/sky130_fd_sc_hd/mag
Cell sky130_fd_sc_hd__nor4b_1 read from path /Users/nikhilshivhare/.ciel/sky130A/libs.ref/sky130_fd_sc_hd/mag
Cell sky130_fd_sc_hd__dfxtp_1 read from path /Users/nikhilshivhare/.ciel/sky130A/libs.ref/sky130_fd_sc_hd/mag
Cell sky130_fd_sc_hd__dfxtp_2 read from path /Users/nikhilshivhare/.ciel/sky130A/libs.ref/sky130_fd_sc_hd/mag
  Processed 66780 subcell instances total.
  Processed 36 pins total.
  Processed 2 special nets total.
  Processed 8420 nets total.
DEF read: Processed 257363 lines.
Moving label "alu_inst._000_" from metal2 to via1 in cell cpu.
Moving label "alu_inst._049_" from metal1 to viali in cell cpu.
Moving label "alu_inst._075_" from metal1 to viali in cell cpu.
Moving label "alu_inst._152_" from metal1 to viali in cell cpu.
Moving label "alu_inst._170_" from metal3 to via3 in cell cpu.
Moving label "alu_inst._186_" from metal1 to via1 in cell cpu.
Moving label "alu_inst._208_" from metal2 to via2 in cell cpu.
Moving label "alu_inst._227_" from metal2 to via1 in cell cpu.
Moving label "alu_inst.a\[3\]" from metal1 to viali in cell cpu.
Moving label "clknet_2_0_0_clk" from metal2 to via2 in cell cpu.
Moving label "clknet_2_1_0_clk" from metal2 to via2 in cell cpu.
Moving label "clknet_2_2_0_clk" from metal2 to via2 in cell cpu.
Moving label "clknet_2_3_0_clk" from metal2 to via2 in cell cpu.
Moving label "clknet_4_4__leaf_clk" from metal2 to via2 in cell cpu.
Moving label "clknet_leaf_115_clk" from metal2 to via1 in cell cpu.
Moving label "clknet_leaf_48_clk" from metal2 to via1 in cell cpu.
Moving label "clknet_leaf_94_clk" from metal2 to via1 in cell cpu.
Moving label "net101" from metal1 to viali in cell cpu.
Moving label "net245" from metal1 to viali in cell cpu.
Moving label "out[1]" from metal2 to via2 in cell cpu.
Moving label "rf._00018_" from metal1 to via1 in cell cpu.
Moving label "rf._00023_" from metal1 to via1 in cell cpu.
Moving label "rf._00029_" from metal1 to via1 in cell cpu.
Moving label "rf._00030_" from metal1 to via1 in cell cpu.
Moving label "rf._00031_" from metal1 to via1 in cell cpu.
Moving label "rf._00033_" from metal1 to via1 in cell cpu.
Moving label "rf._00035_" from metal1 to via1 in cell cpu.
Moving label "rf._00050_" from metal1 to via1 in cell cpu.
Moving label "rf._00055_" from metal1 to via1 in cell cpu.
Moving label "rf._00059_" from metal1 to via1 in cell cpu.
Moving label "rf._00086_" from metal1 to via1 in cell cpu.
Moving label "rf._00106_" from metal1 to via1 in cell cpu.
Moving label "rf._00117_" from metal1 to via1 in cell cpu.
Moving label "rf._00120_" from metal1 to via1 in cell cpu.
Moving label "rf._00123_" from metal1 to via1 in cell cpu.
Moving label "rf._00135_" from metal1 to via1 in cell cpu.
Moving label "rf._00145_" from metal1 to via1 in cell cpu.
Moving label "rf._00150_" from metal1 to via1 in cell cpu.
Moving label "rf._00159_" from metal1 to viali in cell cpu.
Moving label "rf._00163_" from metal1 to via1 in cell cpu.
Moving label "rf._00165_" from metal1 to via1 in cell cpu.
Moving label "rf._00167_" from metal1 to via1 in cell cpu.
Moving label "rf._00169_" from metal1 to via1 in cell cpu.
Moving label "rf._00170_" from metal1 to via1 in cell cpu.
Moving label "rf._00171_" from metal1 to via1 in cell cpu.
Moving label "rf._00172_" from metal1 to via1 in cell cpu.
Moving label "rf._00187_" from metal1 to viali in cell cpu.
Moving label "rf._00188_" from metal1 to via1 in cell cpu.
Moving label "rf._00203_" from metal1 to via1 in cell cpu.
Moving label "rf._00204_" from metal1 to via1 in cell cpu.
Moving label "rf._00213_" from metal1 to via1 in cell cpu.
Moving label "rf._00217_" from metal1 to via1 in cell cpu.
Moving label "rf._00218_" from metal1 to via1 in cell cpu.
Moving label "rf._00226_" from metal1 to via1 in cell cpu.
Moving label "rf._00234_" from metal1 to via1 in cell cpu.
Moving label "rf._00236_" from metal1 to via1 in cell cpu.
Moving label "rf._00237_" from metal1 to via1 in cell cpu.
Moving label "rf._00239_" from metal1 to via1 in cell cpu.
Moving label "rf._00256_" from metal1 to via1 in cell cpu.
Moving label "rf._00257_" from metal1 to via1 in cell cpu.
Moving label "rf._00260_" from metal1 to via1 in cell cpu.
Moving label "rf._00261_" from metal1 to via1 in cell cpu.
Moving label "rf._00262_" from metal1 to via1 in cell cpu.
Moving label "rf._00264_" from metal1 to via1 in cell cpu.
Moving label "rf._00265_" from metal1 to via1 in cell cpu.
Moving label "rf._00266_" from metal1 to via1 in cell cpu.
Moving label "rf._00274_" from metal1 to via1 in cell cpu.
Moving label "rf._00278_" from metal1 to via1 in cell cpu.
Moving label "rf._00283_" from metal1 to via1 in cell cpu.
Moving label "rf._00291_" from metal1 to via1 in cell cpu.
Moving label "rf._00295_" from metal1 to via1 in cell cpu.
Moving label "rf._00312_" from metal1 to via1 in cell cpu.
Moving label "rf._00321_" from metal1 to via1 in cell cpu.
Moving label "rf._00330_" from metal1 to via1 in cell cpu.
Moving label "rf._00343_" from metal1 to via1 in cell cpu.
Moving label "rf._00344_" from metal1 to via1 in cell cpu.
Moving label "rf._00346_" from metal1 to via1 in cell cpu.
Moving label "rf._00349_" from metal1 to via1 in cell cpu.
Moving label "rf._00355_" from metal1 to via1 in cell cpu.
Moving label "rf._00363_" from metal1 to via1 in cell cpu.
Moving label "rf._00364_" from metal1 to via1 in cell cpu.
Moving label "rf._00366_" from metal1 to via1 in cell cpu.
Moving label "rf._00367_" from metal1 to via1 in cell cpu.
Moving label "rf._00377_" from metal1 to via1 in cell cpu.
Moving label "rf._00384_" from metal1 to via1 in cell cpu.
Moving label "rf._00404_" from metal1 to via1 in cell cpu.
Moving label "rf._00407_" from metal1 to via1 in cell cpu.
Moving label "rf._00410_" from metal1 to via1 in cell cpu.
Moving label "rf._00412_" from metal1 to via1 in cell cpu.
Moving label "rf._00417_" from metal1 to via1 in cell cpu.
Moving label "rf._00420_" from metal1 to via1 in cell cpu.
Moving label "rf._00431_" from metal1 to via1 in cell cpu.
Moving label "rf._00438_" from metal1 to via1 in cell cpu.
Moving label "rf._00444_" from metal1 to via1 in cell cpu.
Moving label "rf._00450_" from metal1 to via1 in cell cpu.
Moving label "rf._00451_" from metal1 to via1 in cell cpu.
Moving label "rf._00452_" from metal1 to via1 in cell cpu.
Moving label "rf._00456_" from metal1 to via1 in cell cpu.
Moving label "rf._00464_" from metal1 to via1 in cell cpu.
Moving label "rf._00466_" from metal1 to via1 in cell cpu.
Moving label "rf._00473_" from metal1 to via1 in cell cpu.
Moving label "rf._00495_" from metal1 to via1 in cell cpu.
Moving label "rf._00500_" from metal1 to via1 in cell cpu.
Moving label "rf._00507_" from metal1 to via1 in cell cpu.
Moving label "rf._00510_" from metal1 to via1 in cell cpu.
Moving label "rf._00512_" from metal1 to viali in cell cpu.
Moving label "rf._00517_" from metal1 to via1 in cell cpu.
Moving label "rf._00520_" from metal1 to via1 in cell cpu.
Moving label "rf._00521_" from metal1 to via1 in cell cpu.
Moving label "rf._00525_" from metal1 to via1 in cell cpu.
Moving label "rf._00551_" from metal1 to via1 in cell cpu.
Moving label "rf._00554_" from metal1 to via1 in cell cpu.
Moving label "rf._00558_" from metal1 to via1 in cell cpu.
Moving label "rf._00562_" from metal1 to via1 in cell cpu.
Moving label "rf._00564_" from metal1 to via1 in cell cpu.
Moving label "rf._00569_" from metal1 to via1 in cell cpu.
Moving label "rf._00580_" from metal1 to via1 in cell cpu.
Moving label "rf._00589_" from metal1 to via1 in cell cpu.
Moving label "rf._00604_" from metal1 to via1 in cell cpu.
Moving label "rf._00608_" from metal1 to via1 in cell cpu.
Moving label "rf._00609_" from metal1 to via1 in cell cpu.
Moving label "rf._00629_" from metal1 to via1 in cell cpu.
Moving label "rf._00644_" from metal1 to via1 in cell cpu.
Moving label "rf._00663_" from metal1 to viali in cell cpu.
Moving label "rf._00679_" from metal2 to via1 in cell cpu.
Moving label "rf._00690_" from metal1 to via1 in cell cpu.
Moving label "rf._00694_" from metal1 to via1 in cell cpu.
Moving label "rf._00702_" from metal1 to viali in cell cpu.
Moving label "rf._00709_" from metal1 to via1 in cell cpu.
Moving label "rf._00710_" from metal1 to via1 in cell cpu.
Moving label "rf._00719_" from metal1 to via1 in cell cpu.
Moving label "rf._00720_" from metal1 to viali in cell cpu.
Moving label "rf._00723_" from metal1 to via1 in cell cpu.
Moving label "rf._00729_" from metal1 to via1 in cell cpu.
Moving label "rf._00733_" from metal1 to via1 in cell cpu.
Moving label "rf._00749_" from metal1 to via1 in cell cpu.
Moving label "rf._00750_" from metal1 to via1 in cell cpu.
Moving label "rf._00752_" from metal1 to via1 in cell cpu.
Moving label "rf._00758_" from metal1 to via1 in cell cpu.
Moving label "rf._00763_" from metal1 to via1 in cell cpu.
Moving label "rf._00765_" from metal1 to via1 in cell cpu.
Moving label "rf._00771_" from metal1 to via1 in cell cpu.
Moving label "rf._00772_" from metal1 to viali in cell cpu.
Moving label "rf._00775_" from metal1 to via1 in cell cpu.
Moving label "rf._00780_" from metal1 to via1 in cell cpu.
Moving label "rf._00794_" from metal1 to via1 in cell cpu.
Moving label "rf._00809_" from metal1 to via1 in cell cpu.
Moving label "rf._00817_" from metal1 to via1 in cell cpu.
Moving label "rf._00818_" from metal1 to via1 in cell cpu.
Moving label "rf._00820_" from metal1 to via1 in cell cpu.
Moving label "rf._00825_" from metal1 to viali in cell cpu.
Moving label "rf._00829_" from metal1 to via1 in cell cpu.
Moving label "rf._00834_" from metal1 to via1 in cell cpu.
Moving label "rf._00838_" from metal1 to via1 in cell cpu.
Moving label "rf._00841_" from metal1 to via1 in cell cpu.
Moving label "rf._00845_" from metal1 to via1 in cell cpu.
Moving label "rf._00848_" from metal1 to via1 in cell cpu.
Moving label "rf._00856_" from metal1 to via1 in cell cpu.
Moving label "rf._00857_" from metal1 to via1 in cell cpu.
Moving label "rf._00858_" from metal1 to via1 in cell cpu.
Moving label "rf._00860_" from metal1 to via1 in cell cpu.
Moving label "rf._00867_" from metal1 to via1 in cell cpu.
Moving label "rf._00878_" from metal1 to via1 in cell cpu.
Moving label "rf._00882_" from metal1 to via1 in cell cpu.
Moving label "rf._00886_" from metal1 to via1 in cell cpu.
Moving label "rf._00888_" from metal1 to via1 in cell cpu.
Moving label "rf._00902_" from metal1 to via1 in cell cpu.
Moving label "rf._00920_" from metal1 to via1 in cell cpu.
Moving label "rf._00924_" from metal1 to via1 in cell cpu.
Moving label "rf._00954_" from metal1 to via1 in cell cpu.
Moving label "rf._00957_" from metal1 to via1 in cell cpu.
Moving label "rf._00970_" from metal1 to via1 in cell cpu.
Moving label "rf._00971_" from metal1 to via1 in cell cpu.
Moving label "rf._00972_" from metal1 to via1 in cell cpu.
Moving label "rf._00977_" from metal1 to via1 in cell cpu.
Moving label "rf._00987_" from metal1 to via1 in cell cpu.
Moving label "rf._00989_" from metal1 to via1 in cell cpu.
Moving label "rf._01002_" from metal1 to via1 in cell cpu.
Moving label "rf._01005_" from metal1 to via1 in cell cpu.
Moving label "rf._01020_" from metal1 to via1 in cell cpu.
Moving label "rf._01022_" from metal1 to via1 in cell cpu.
Moving label "rf._01023_" from metal1 to via1 in cell cpu.
Moving label "rf._01040_" from metal2 to via1 in cell cpu.
Moving label "rf._01149_" from metal2 to via2 in cell cpu.
Moving label "rf._01229_" from metal2 to via2 in cell cpu.
Moving label "rf._01266_" from metal1 to viali in cell cpu.
Moving label "rf._01370_" from metal1 to viali in cell cpu.
Moving label "rf._01467_" from metal2 to via1 in cell cpu.
Moving label "rf._01492_" from metal2 to via1 in cell cpu.
Moving label "rf._01508_" from metal2 to via2 in cell cpu.
Moving label "rf._01551_" from metal1 to viali in cell cpu.
Moving label "rf._01578_" from metal1 to via1 in cell cpu.
Moving label "rf._01595_" from metal1 to via1 in cell cpu.
Moving label "rf._01644_" from metal2 to via2 in cell cpu.
Moving label "rf._01648_" from metal2 to via1 in cell cpu.
Moving label "rf._01682_" from metal2 to via1 in cell cpu.
Moving label "rf._01717_" from metal1 to via1 in cell cpu.
Moving label "rf._01723_" from metal1 to viali in cell cpu.
Moving label "rf._01895_" from metal2 to via1 in cell cpu.
Moving label "rf._01898_" from metal2 to via2 in cell cpu.
Moving label "rf._02119_" from metal2 to via2 in cell cpu.
Moving label "rf._02122_" from metal2 to via1 in cell cpu.
Moving label "rf._02126_" from metal2 to via2 in cell cpu.
Moving label "rf._02198_" from metal2 to via2 in cell cpu.
Moving label "rf._02226_" from metal1 to viali in cell cpu.
Moving label "rf._02461_" from metal2 to via1 in cell cpu.
Moving label "rf._02472_" from metal2 to via1 in cell cpu.
Moving label "rf._02484_" from metal2 to via2 in cell cpu.
Moving label "rf._02533_" from metal2 to via2 in cell cpu.
Moving label "rf._02587_" from metal1 to via1 in cell cpu.
Moving label "rf._02665_" from metal1 to viali in cell cpu.
Moving label "rf._02732_" from metal1 to viali in cell cpu.
Moving label "rf._02879_" from metal2 to via2 in cell cpu.
Moving label "rf._02900_" from metal1 to viali in cell cpu.
Moving label "rf._02925_" from metal3 to via3 in cell cpu.
Moving label "rf._02929_" from metal2 to via1 in cell cpu.
Moving label "rf._03078_" from metal1 to via1 in cell cpu.
Moving label "rf._03107_" from metal2 to via2 in cell cpu.
Moving label "rf._03169_" from metal1 to viali in cell cpu.
Moving label "rf._03268_" from metal1 to via1 in cell cpu.
Moving label "rf._03401_" from metal2 to via1 in cell cpu.
Moving label "rf._03468_" from metal2 to via1 in cell cpu.
Moving label "rf._03475_" from metal2 to via2 in cell cpu.
Moving label "rf._03697_" from metal1 to viali in cell cpu.
Moving label "rf._03911_" from metal1 to viali in cell cpu.
Moving label "rf._03933_" from metal1 to via1 in cell cpu.
Moving label "rf._03950_" from metal1 to via1 in cell cpu.
Moving label "rf._04001_" from metal1 to viali in cell cpu.
Moving label "rf._04122_" from metal2 to via2 in cell cpu.
Moving label "rf._04169_" from metal2 to via2 in cell cpu.
Moving label "rf._04201_" from metal1 to viali in cell cpu.
Moving label "rf._04315_" from metal1 to viali in cell cpu.
Moving label "rf._04323_" from metal2 to via2 in cell cpu.
Moving label "rf._04490_" from metal1 to viali in cell cpu.
Moving label "rf._04745_" from metal1 to viali in cell cpu.
Moving label "rf._04894_" from metal1 to via1 in cell cpu.
Moving label "rf._05017_" from metal1 to viali in cell cpu.
Moving label "rf._05435_" from metal3 to via3 in cell cpu.
Moving label "rf._05589_" from metal2 to via1 in cell cpu.
Moving label "rf.regs\[10\]\[0\]" from metal2 to via2 in cell cpu.
Moving label "rf.regs\[14\]\[26\]" from metal1 to via1 in cell cpu.
Moving label "rf.regs\[19\]\[0\]" from metal1 to via1 in cell cpu.
Moving label "rf.regs\[23\]\[26\]" from metal1 to viali in cell cpu.
Moving label "rf.regs\[24\]\[3\]" from metal1 to viali in cell cpu.
Moving label "rf.regs\[25\]\[13\]" from metal1 to via1 in cell cpu.
Moving label "rf.regs\[25\]\[28\]" from metal1 to via1 in cell cpu.
Moving label "rf.regs\[28\]\[2\]" from metal1 to viali in cell cpu.
Moving label "rf.regs\[28\]\[8\]" from metal1 to viali in cell cpu.
Moving label "rf.regs\[6\]\[26\]" from metal1 to via1 in cell cpu.
Moving label "rf.regs\[8\]\[17\]" from metal1 to via1 in cell cpu.
Moving label "rf.regs\[9\]\[0\]" from metal2 to via2 in cell cpu.
[INFO]: Writing abstract LEF
Generating LEF output /openlane/designs/risc_v_cpu/runs/RUN_2026.03.30_12.09.48/results/signoff/cpu.lef for cell cpu:
Diagnostic:  Write LEF header for cell cpu
Diagnostic:  Writing LEF output for cell cpu
Diagnostic:  Scale value is 0.005000
[INFO]: LEF Write Complete
