OpenROAD 41a51eaf4ca2171c92ff38afb91eb37bbd3f36da 
This program is licensed under the BSD-3 license. See the LICENSE file for details.
Components of this program may be licensed under more restrictive licenses which must be honored.
[INFO ODB-0222] Reading LEF file: /openlane/designs/risc_v_cpu/runs/RUN_2026.03.30_12.09.48/tmp/merged.nom.lef
[INFO ODB-0223]     Created 14 technology layers
[INFO ODB-0224]     Created 25 technology vias
[INFO ODB-0225]     Created 441 library cells
[INFO ODB-0226] Finished LEF file:  /openlane/designs/risc_v_cpu/runs/RUN_2026.03.30_12.09.48/tmp/merged.nom.lef
[INFO ODB-0127] Reading DEF file: /openlane/designs/risc_v_cpu/runs/RUN_2026.03.30_12.09.48/tmp/signoff/36-cpu.p.def
[INFO ODB-0128] Design: cpu
[INFO ODB-0130]     Created 36 pins.
[INFO ODB-0131]     Created 66780 components and 276319 component-terminals.
[INFO ODB-0132]     Created 2 special nets and 249840 connections.
[INFO ODB-0133]     Created 8420 nets and 26414 connections.
[INFO ODB-0134] Finished DEF file: /openlane/designs/risc_v_cpu/runs/RUN_2026.03.30_12.09.48/tmp/signoff/36-cpu.p.def
define_corners Typical
read_liberty -corner Typical /Users/nikhilshivhare/.ciel/sky130A/libs.ref/sky130_fd_sc_hd/lib/sky130_fd_sc_hd__tt_025C_1v80.lib
Using 1e-12 for capacitance...
Using 1e+03 for resistance...
Using 1e-09 for time...
Using 1e+00 for voltage...
Using 1e-03 for current...
Using 1e-09 for power...
Using 1e-06 for distance...
Reading design constraints file at '/openlane/designs/risc_v_cpu/runs/RUN_2026.03.30_12.09.48/tmp/17-cpu.sdc'…
[WARNING] Did not save OpenROAD database!
Writing netlist to '/openlane/designs/risc_v_cpu/runs/RUN_2026.03.30_12.09.48/tmp/signoff/36-cpu.nl.v'…
Writing powered netlist to '/openlane/designs/risc_v_cpu/runs/RUN_2026.03.30_12.09.48/tmp/signoff/36-cpu.pnl.v'…
