
77. Printing statistics.

=== cpu ===

   Number of wires:               7295
   Number of wire bits:           7326
   Number of public wires:        7295
   Number of public wire bits:    7326
   Number of memories:               0
   Number of memory bits:            0
   Number of processes:              0
   Number of cells:               7324
     sky130_fd_sc_hd__a211o_2        7
     sky130_fd_sc_hd__a211oi_2      96
     sky130_fd_sc_hd__a21bo_2        2
     sky130_fd_sc_hd__a21boi_2       1
     sky130_fd_sc_hd__a21o_2         4
     sky130_fd_sc_hd__a21oi_2       29
     sky130_fd_sc_hd__a22o_2         5
     sky130_fd_sc_hd__a2bb2o_2       1
     sky130_fd_sc_hd__a311o_2        2
     sky130_fd_sc_hd__a311oi_2       3
     sky130_fd_sc_hd__a31o_2         7
     sky130_fd_sc_hd__a31oi_2        2
     sky130_fd_sc_hd__a41oi_2        1
     sky130_fd_sc_hd__and2_2        24
     sky130_fd_sc_hd__and2b_2      249
     sky130_fd_sc_hd__and3_2        15
     sky130_fd_sc_hd__and4_2         2
     sky130_fd_sc_hd__and4b_2       10
     sky130_fd_sc_hd__and4bb_2       4
     sky130_fd_sc_hd__buf_1       1732
     sky130_fd_sc_hd__buf_2         36
     sky130_fd_sc_hd__conb_1        22
     sky130_fd_sc_hd__dfrtp_2        2
     sky130_fd_sc_hd__dfxtp_2     1024
     sky130_fd_sc_hd__inv_2         93
     sky130_fd_sc_hd__mux2_2       992
     sky130_fd_sc_hd__nand2_2      170
     sky130_fd_sc_hd__nand3_2      356
     sky130_fd_sc_hd__nand3b_2       2
     sky130_fd_sc_hd__nand4_2        7
     sky130_fd_sc_hd__nand4b_2       1
     sky130_fd_sc_hd__nor2_2       310
     sky130_fd_sc_hd__nor2b_2        3
     sky130_fd_sc_hd__nor3_2         4
     sky130_fd_sc_hd__nor3b_2        2
     sky130_fd_sc_hd__nor4_2         2
     sky130_fd_sc_hd__nor4b_2        5
     sky130_fd_sc_hd__o211a_2        3
     sky130_fd_sc_hd__o211ai_2     611
     sky130_fd_sc_hd__o21a_2       208
     sky130_fd_sc_hd__o21ai_2      568
     sky130_fd_sc_hd__o21ba_2      160
     sky130_fd_sc_hd__o21bai_2     167
     sky130_fd_sc_hd__o221a_2        1
     sky130_fd_sc_hd__o22ai_2       33
     sky130_fd_sc_hd__o2bb2ai_2      1
     sky130_fd_sc_hd__o31a_2         4
     sky130_fd_sc_hd__o41a_2         1
     sky130_fd_sc_hd__or2_2          9
     sky130_fd_sc_hd__or2b_2       321
     sky130_fd_sc_hd__or3_2          2
     sky130_fd_sc_hd__or4_2          1
     sky130_fd_sc_hd__or4bb_2        1
     sky130_fd_sc_hd__xor2_2         6

   Chip area for module '\cpu': 72926.192000

