
===========================================================================
report_checks -unconstrained
===========================================================================
======================= Fastest Corner ===================================

Startpoint: reset (input port clocked by clk)
Endpoint: pc_inst._249_ (recovery check against rising-edge clock clk)
Path Group: asynchronous
Path Type: max
Corner: Fastest

Fanout     Cap    Slew   Delay    Time   Description
-----------------------------------------------------------------------------
                          0.00    0.00   clock clk (rise edge)
                          0.00    0.00   clock network delay (propagated)
                          2.00    2.00 v input external delay
                  0.00    0.00    2.00 v reset (in)
     1    0.00                           reset (net)
                  0.00    0.00    2.00 v hold21/A (sky130_fd_sc_hd__dlygate4sd3_1)
                  0.04    0.37    2.37 v hold21/X (sky130_fd_sc_hd__dlygate4sd3_1)
     1    0.00                           net126 (net)
                  0.04    0.00    2.37 v input1/A (sky130_fd_sc_hd__buf_2)
                  0.12    0.16    2.53 v input1/X (sky130_fd_sc_hd__buf_2)
     1    0.07                           net1 (net)
                  0.12    0.02    2.55 v pc_inst._215_/A (sky130_fd_sc_hd__buf_1)
                  0.05    0.13    2.68 v pc_inst._215_/X (sky130_fd_sc_hd__buf_1)
     2    0.01                           pc_inst._116_ (net)
                  0.05    0.00    2.68 v pc_inst._217_/A (sky130_fd_sc_hd__inv_2)
                  0.03    0.04    2.72 ^ pc_inst._217_/Y (sky130_fd_sc_hd__inv_2)
     1    0.00                           pc_inst._031_ (net)
                  0.03    0.00    2.72 ^ pc_inst._249_/RESET_B (sky130_fd_sc_hd__dfrtp_4)
                                  2.72   data arrival time

                         10.00   10.00   clock clk (rise edge)
                          0.00   10.00   clock source latency
                  0.38    0.25   10.25 ^ clk (in)
     2    0.11                           clk (net)
                  0.38    0.00   10.25 ^ clkbuf_0_clk/A (sky130_fd_sc_hd__clkbuf_16)
                  0.15    0.21   10.46 ^ clkbuf_0_clk/X (sky130_fd_sc_hd__clkbuf_16)
     4    0.18                           clknet_0_clk (net)
                  0.15    0.01   10.47 ^ clkbuf_2_1_0_clk/A (sky130_fd_sc_hd__clkbuf_8)
                  0.13    0.18   10.65 ^ clkbuf_2_1_0_clk/X (sky130_fd_sc_hd__clkbuf_8)
     4    0.10                           clknet_2_1_0_clk (net)
                  0.13    0.01   10.65 ^ clkbuf_4_6__f_clk/A (sky130_fd_sc_hd__clkbuf_16)
                  0.15    0.18   10.83 ^ clkbuf_4_6__f_clk/X (sky130_fd_sc_hd__clkbuf_16)
    12    0.18                           clknet_4_6__leaf_clk (net)
                  0.15    0.02   10.85 ^ clkbuf_leaf_166_clk/A (sky130_fd_sc_hd__clkbuf_16)
                  0.03    0.11   10.95 ^ clkbuf_leaf_166_clk/X (sky130_fd_sc_hd__clkbuf_16)
     4    0.02                           clknet_leaf_166_clk (net)
                  0.03    0.00   10.95 ^ pc_inst._249_/CLK (sky130_fd_sc_hd__dfrtp_4)
                         -0.25   10.70   clock uncertainty
                          0.00   10.70   clock reconvergence pessimism
                          0.13   10.84   library recovery time
                                 10.84   data required time
-----------------------------------------------------------------------------
                                 10.84   data required time
                                 -2.72   data arrival time
-----------------------------------------------------------------------------
                                  8.12   slack (MET)


Startpoint: pc_inst._248_ (rising edge-triggered flip-flop clocked by clk)
Endpoint: out[22] (output port clocked by clk)
Path Group: clk
Path Type: max
Corner: Fastest

Fanout     Cap    Slew   Delay    Time   Description
-----------------------------------------------------------------------------
                          0.00    0.00   clock clk (rise edge)
                          0.00    0.00   clock source latency
                  0.38    0.28    0.28 ^ clk (in)
     2    0.11                           clk (net)
                  0.38    0.00    0.28 ^ clkbuf_0_clk/A (sky130_fd_sc_hd__clkbuf_16)
                  0.15    0.23    0.51 ^ clkbuf_0_clk/X (sky130_fd_sc_hd__clkbuf_16)
     4    0.18                           clknet_0_clk (net)
                  0.15    0.01    0.52 ^ clkbuf_2_1_0_clk/A (sky130_fd_sc_hd__clkbuf_8)
                  0.13    0.19    0.72 ^ clkbuf_2_1_0_clk/X (sky130_fd_sc_hd__clkbuf_8)
     4    0.10                           clknet_2_1_0_clk (net)
                  0.13    0.01    0.72 ^ clkbuf_4_6__f_clk/A (sky130_fd_sc_hd__clkbuf_16)
                  0.15    0.20    0.92 ^ clkbuf_4_6__f_clk/X (sky130_fd_sc_hd__clkbuf_16)
    12    0.18                           clknet_4_6__leaf_clk (net)
                  0.15    0.02    0.94 ^ clkbuf_leaf_166_clk/A (sky130_fd_sc_hd__clkbuf_16)
                  0.03    0.12    1.05 ^ clkbuf_leaf_166_clk/X (sky130_fd_sc_hd__clkbuf_16)
     4    0.02                           clknet_leaf_166_clk (net)
                  0.03    0.00    1.06 ^ pc_inst._248_/CLK (sky130_fd_sc_hd__dfrtp_1)
                  0.08    0.29    1.34 v pc_inst._248_/Q (sky130_fd_sc_hd__dfrtp_1)
     5    0.02                           imem_inst.addr[2] (net)
                  0.08    0.00    1.34 v rebuffer6/A (sky130_fd_sc_hd__clkbuf_2)
                  0.06    0.13    1.47 v rebuffer6/X (sky130_fd_sc_hd__clkbuf_2)
     2    0.02                           net111 (net)
                  0.06    0.00    1.47 v imem_inst._04_/B (sky130_fd_sc_hd__nand2_8)
                  0.18    0.16    1.63 ^ imem_inst._04_/Y (sky130_fd_sc_hd__nand2_8)
    10    0.13                           imem_inst.instr[21] (net)
                  0.18    0.02    1.65 ^ rf._05826_/A (sky130_fd_sc_hd__buf_12)
                  0.15    0.17    1.82 ^ rf._05826_/X (sky130_fd_sc_hd__buf_12)
    10    0.17                           rf._01043_ (net)
                  0.15    0.01    1.84 ^ rf._05886_/A (sky130_fd_sc_hd__buf_8)
                  0.21    0.20    2.04 ^ rf._05886_/X (sky130_fd_sc_hd__buf_8)
    10    0.17                           rf._01103_ (net)
                  0.21    0.03    2.06 ^ rf._05916_/A (sky130_fd_sc_hd__clkbuf_8)
                  0.11    0.18    2.24 ^ rf._05916_/X (sky130_fd_sc_hd__clkbuf_8)
    10    0.08                           rf._01133_ (net)
                  0.12    0.02    2.26 ^ rf._06202_/B1 (sky130_fd_sc_hd__a211oi_2)
                  0.05    0.05    2.31 v rf._06202_/Y (sky130_fd_sc_hd__a211oi_2)
     1    0.01                           rf._01414_ (net)
                  0.05    0.00    2.31 v rf._06211_/A1 (sky130_fd_sc_hd__o211ai_2)
                  0.26    0.25    2.56 ^ rf._06211_/Y (sky130_fd_sc_hd__o211ai_2)
     1    0.03                           rf._01423_ (net)
                  0.26    0.00    2.57 ^ rf._06212_/C (sky130_fd_sc_hd__nand3_1)
                  0.12    0.13    2.70 v rf._06212_/Y (sky130_fd_sc_hd__nand3_1)
     1    0.02                           rf._01424_ (net)
                  0.12    0.00    2.70 v rf._06213_/B1 (sky130_fd_sc_hd__o21a_1)
                  0.03    0.11    2.80 v rf._06213_/X (sky130_fd_sc_hd__o21a_1)
     1    0.01                           rf.rd2[5] (net)
                  0.03    0.00    2.80 v _066_/A (sky130_fd_sc_hd__inv_2)
                  0.03    0.04    2.84 ^ _066_/Y (sky130_fd_sc_hd__inv_2)
     1    0.01                           _045_ (net)
                  0.03    0.00    2.84 ^ _068_/A2 (sky130_fd_sc_hd__o21ai_2)
                  0.07    0.05    2.90 v _068_/Y (sky130_fd_sc_hd__o21ai_2)
     5    0.02                           alu_inst.b[5] (net)
                  0.07    0.00    2.90 v alu_inst._273_/B (sky130_fd_sc_hd__nor2_1)
                  0.20    0.18    3.08 ^ alu_inst._273_/Y (sky130_fd_sc_hd__nor2_1)
     4    0.02                           alu_inst._030_ (net)
                  0.20    0.00    3.08 ^ alu_inst._302_/B1 (sky130_fd_sc_hd__a21oi_1)
                  0.06    0.06    3.14 v alu_inst._302_/Y (sky130_fd_sc_hd__a21oi_1)
     1    0.01                           alu_inst._056_ (net)
                  0.06    0.00    3.14 v alu_inst._303_/C (sky130_fd_sc_hd__nand3_2)
                  0.07    0.09    3.22 ^ alu_inst._303_/Y (sky130_fd_sc_hd__nand3_2)
     1    0.01                           alu_inst._057_ (net)
                  0.07    0.00    3.22 ^ alu_inst._304_/B1 (sky130_fd_sc_hd__o21ai_4)
                  0.08    0.06    3.29 v alu_inst._304_/Y (sky130_fd_sc_hd__o21ai_4)
     5    0.04                           alu_inst._058_ (net)
                  0.08    0.00    3.29 v alu_inst._309_/B1_N (sky130_fd_sc_hd__o21bai_4)
                  0.09    0.16    3.44 v alu_inst._309_/Y (sky130_fd_sc_hd__o21bai_4)
     3    0.04                           alu_inst._063_ (net)
                  0.09    0.01    3.45 v alu_inst._382_/A1 (sky130_fd_sc_hd__a21oi_4)
                  0.31    0.29    3.74 ^ alu_inst._382_/Y (sky130_fd_sc_hd__a21oi_4)
     3    0.06                           alu_inst._128_ (net)
                  0.31    0.02    3.75 ^ alu_inst._407_/A2 (sky130_fd_sc_hd__o21ai_2)
                  0.07    0.06    3.81 v alu_inst._407_/Y (sky130_fd_sc_hd__o21ai_2)
     3    0.01                           alu_inst._149_ (net)
                  0.07    0.00    3.81 v alu_inst._425_/A2_N (sky130_fd_sc_hd__o2bb2ai_2)
                  0.07    0.11    3.92 v alu_inst._425_/Y (sky130_fd_sc_hd__o2bb2ai_2)
     3    0.01                           alu_inst._165_ (net)
                  0.07    0.00    3.92 v alu_inst._426_/A1 (sky130_fd_sc_hd__a21oi_1)
                  0.11    0.12    4.04 ^ alu_inst._426_/Y (sky130_fd_sc_hd__a21oi_1)
     1    0.01                           alu_inst._166_ (net)
                  0.11    0.00    4.04 ^ alu_inst._427_/B1 (sky130_fd_sc_hd__o21a_4)
                  0.17    0.18    4.22 ^ alu_inst._427_/X (sky130_fd_sc_hd__o21a_4)
     5    0.07                           alu_inst.y[22] (net)
                  0.17    0.01    4.24 ^ _150_/A (sky130_fd_sc_hd__clkbuf_4)
                  0.18    0.22    4.46 ^ _150_/X (sky130_fd_sc_hd__clkbuf_4)
     1    0.08                           net16 (net)
                  0.19    0.03    4.49 ^ output16/A (sky130_fd_sc_hd__clkbuf_4)
                  0.09    0.17    4.66 ^ output16/X (sky130_fd_sc_hd__clkbuf_4)
     1    0.03                           out[22] (net)
                  0.09    0.00    4.66 ^ out[22] (out)
                                  4.66   data arrival time

                         10.00   10.00   clock clk (rise edge)
                          0.00   10.00   clock network delay (propagated)
                         -0.25    9.75   clock uncertainty
                          0.00    9.75   clock reconvergence pessimism
                         -2.00    7.75   output external delay
                                  7.75   data required time
-----------------------------------------------------------------------------
                                  7.75   data required time
                                 -4.66   data arrival time
-----------------------------------------------------------------------------
                                  3.09   slack (MET)



======================= Slowest Corner ===================================

Startpoint: reset (input port clocked by clk)
Endpoint: pc_inst._249_ (recovery check against rising-edge clock clk)
Path Group: asynchronous
Path Type: max
Corner: Slowest

Fanout     Cap    Slew   Delay    Time   Description
-----------------------------------------------------------------------------
                          0.00    0.00   clock clk (rise edge)
                          0.00    0.00   clock network delay (propagated)
                          2.00    2.00 v input external delay
                  0.02    0.01    2.01 v reset (in)
     1    0.00                           reset (net)
                  0.02    0.00    2.01 v hold21/A (sky130_fd_sc_hd__dlygate4sd3_1)
                  0.10    1.15    3.16 v hold21/X (sky130_fd_sc_hd__dlygate4sd3_1)
     1    0.00                           net126 (net)
                  0.10    0.00    3.16 v input1/A (sky130_fd_sc_hd__buf_2)
                  0.31    0.49    3.65 v input1/X (sky130_fd_sc_hd__buf_2)
     1    0.07                           net1 (net)
                  0.31    0.02    3.67 v pc_inst._215_/A (sky130_fd_sc_hd__buf_1)
                  0.15    0.36    4.03 v pc_inst._215_/X (sky130_fd_sc_hd__buf_1)
     2    0.01                           pc_inst._116_ (net)
                  0.15    0.00    4.03 v pc_inst._217_/A (sky130_fd_sc_hd__inv_2)
                  0.06    0.11    4.14 ^ pc_inst._217_/Y (sky130_fd_sc_hd__inv_2)
     1    0.00                           pc_inst._031_ (net)
                  0.06    0.00    4.14 ^ pc_inst._249_/RESET_B (sky130_fd_sc_hd__dfrtp_4)
                                  4.14   data arrival time

                         10.00   10.00   clock clk (rise edge)
                          0.00   10.00   clock source latency
                  0.81    0.54   10.54 ^ clk (in)
     2    0.11                           clk (net)
                  0.81    0.00   10.54 ^ clkbuf_0_clk/A (sky130_fd_sc_hd__clkbuf_16)
                  0.30    0.65   11.19 ^ clkbuf_0_clk/X (sky130_fd_sc_hd__clkbuf_16)
     4    0.18                           clknet_0_clk (net)
                  0.30    0.01   11.20 ^ clkbuf_2_1_0_clk/A (sky130_fd_sc_hd__clkbuf_8)
                  0.27    0.46   11.66 ^ clkbuf_2_1_0_clk/X (sky130_fd_sc_hd__clkbuf_8)
     4    0.10                           clknet_2_1_0_clk (net)
                  0.27    0.01   11.67 ^ clkbuf_4_6__f_clk/A (sky130_fd_sc_hd__clkbuf_16)
                  0.29    0.45   12.12 ^ clkbuf_4_6__f_clk/X (sky130_fd_sc_hd__clkbuf_16)
    12    0.18                           clknet_4_6__leaf_clk (net)
                  0.29    0.02   12.14 ^ clkbuf_leaf_166_clk/A (sky130_fd_sc_hd__clkbuf_16)
                  0.07    0.30   12.44 ^ clkbuf_leaf_166_clk/X (sky130_fd_sc_hd__clkbuf_16)
     4    0.02                           clknet_leaf_166_clk (net)
                  0.07    0.00   12.44 ^ pc_inst._249_/CLK (sky130_fd_sc_hd__dfrtp_4)
                         -0.25   12.19   clock uncertainty
                          0.00   12.19   clock reconvergence pessimism
                          0.45   12.64   library recovery time
                                 12.64   data required time
-----------------------------------------------------------------------------
                                 12.64   data required time
                                 -4.14   data arrival time
-----------------------------------------------------------------------------
                                  8.49   slack (MET)


Startpoint: pc_inst._248_ (rising edge-triggered flip-flop clocked by clk)
Endpoint: out[21] (output port clocked by clk)
Path Group: clk
Path Type: max
Corner: Slowest

Fanout     Cap    Slew   Delay    Time   Description
-----------------------------------------------------------------------------
                          0.00    0.00   clock clk (rise edge)
                          0.00    0.00   clock source latency
                  0.81    0.59    0.59 ^ clk (in)
     2    0.11                           clk (net)
                  0.81    0.00    0.59 ^ clkbuf_0_clk/A (sky130_fd_sc_hd__clkbuf_16)
                  0.30    0.72    1.32 ^ clkbuf_0_clk/X (sky130_fd_sc_hd__clkbuf_16)
     4    0.18                           clknet_0_clk (net)
                  0.30    0.01    1.33 ^ clkbuf_2_1_0_clk/A (sky130_fd_sc_hd__clkbuf_8)
                  0.27    0.51    1.84 ^ clkbuf_2_1_0_clk/X (sky130_fd_sc_hd__clkbuf_8)
     4    0.10                           clknet_2_1_0_clk (net)
                  0.27    0.01    1.84 ^ clkbuf_4_6__f_clk/A (sky130_fd_sc_hd__clkbuf_16)
                  0.29    0.50    2.34 ^ clkbuf_4_6__f_clk/X (sky130_fd_sc_hd__clkbuf_16)
    12    0.18                           clknet_4_6__leaf_clk (net)
                  0.29    0.02    2.36 ^ clkbuf_leaf_166_clk/A (sky130_fd_sc_hd__clkbuf_16)
                  0.07    0.33    2.69 ^ clkbuf_leaf_166_clk/X (sky130_fd_sc_hd__clkbuf_16)
     4    0.02                           clknet_leaf_166_clk (net)
                  0.07    0.00    2.70 ^ pc_inst._248_/CLK (sky130_fd_sc_hd__dfrtp_1)
                  0.20    0.91    3.60 v pc_inst._248_/Q (sky130_fd_sc_hd__dfrtp_1)
     5    0.02                           imem_inst.addr[2] (net)
                  0.20    0.00    3.61 v rebuffer6/A (sky130_fd_sc_hd__clkbuf_2)
                  0.17    0.36    3.97 v rebuffer6/X (sky130_fd_sc_hd__clkbuf_2)
     2    0.02                           net111 (net)
                  0.17    0.00    3.97 v imem_inst._04_/B (sky130_fd_sc_hd__nand2_8)
                  0.35    0.37    4.34 ^ imem_inst._04_/Y (sky130_fd_sc_hd__nand2_8)
    10    0.13                           imem_inst.instr[21] (net)
                  0.35    0.02    4.36 ^ rf._05826_/A (sky130_fd_sc_hd__buf_12)
                  0.31    0.49    4.85 ^ rf._05826_/X (sky130_fd_sc_hd__buf_12)
    10    0.17                           rf._01043_ (net)
                  0.31    0.02    4.87 ^ rf._05907_/A (sky130_fd_sc_hd__buf_6)
                  0.34    0.50    5.38 ^ rf._05907_/X (sky130_fd_sc_hd__buf_6)
    10    0.11                           rf._01124_ (net)
                  0.34    0.01    5.39 ^ rf._06044_/A (sky130_fd_sc_hd__clkbuf_4)
                  0.29    0.55    5.94 ^ rf._06044_/X (sky130_fd_sc_hd__clkbuf_4)
    10    0.06                           rf._01259_ (net)
                  0.29    0.01    5.95 ^ rf._06207_/B1 (sky130_fd_sc_hd__o21ai_1)
                  0.12    0.22    6.17 v rf._06207_/Y (sky130_fd_sc_hd__o21ai_1)
     1    0.00                           rf._01419_ (net)
                  0.12    0.00    6.17 v rf._06210_/A2 (sky130_fd_sc_hd__o211ai_1)
                  0.40    0.43    6.60 ^ rf._06210_/Y (sky130_fd_sc_hd__o211ai_1)
     1    0.01                           rf._01422_ (net)
                  0.40    0.00    6.60 ^ rf._06211_/C1 (sky130_fd_sc_hd__o211ai_2)
                  0.40    0.51    7.12 v rf._06211_/Y (sky130_fd_sc_hd__o211ai_2)
     1    0.03                           rf._01423_ (net)
                  0.40    0.00    7.12 v rf._06212_/C (sky130_fd_sc_hd__nand3_1)
                  0.29    0.43    7.55 ^ rf._06212_/Y (sky130_fd_sc_hd__nand3_1)
     1    0.02                           rf._01424_ (net)
                  0.29    0.00    7.55 ^ rf._06213_/B1 (sky130_fd_sc_hd__o21a_1)
                  0.11    0.35    7.90 ^ rf._06213_/X (sky130_fd_sc_hd__o21a_1)
     1    0.01                           rf.rd2[5] (net)
                  0.11    0.00    7.91 ^ _066_/A (sky130_fd_sc_hd__inv_2)
                  0.04    0.08    7.99 v _066_/Y (sky130_fd_sc_hd__inv_2)
     1    0.01                           _045_ (net)
                  0.04    0.00    7.99 v _068_/A2 (sky130_fd_sc_hd__o21ai_2)
                  0.39    0.38    8.36 ^ _068_/Y (sky130_fd_sc_hd__o21ai_2)
     5    0.02                           alu_inst.b[5] (net)
                  0.39    0.00    8.36 ^ alu_inst._288_/B (sky130_fd_sc_hd__nand2_1)
                  0.13    0.26    8.63 v alu_inst._288_/Y (sky130_fd_sc_hd__nand2_1)
     2    0.01                           alu_inst._044_ (net)
                  0.13    0.00    8.63 v alu_inst._302_/A2 (sky130_fd_sc_hd__a21oi_1)
                  0.35    0.41    9.04 ^ alu_inst._302_/Y (sky130_fd_sc_hd__a21oi_1)
     1    0.01                           alu_inst._056_ (net)
                  0.35    0.00    9.04 ^ alu_inst._303_/C (sky130_fd_sc_hd__nand3_2)
                  0.20    0.33    9.37 v alu_inst._303_/Y (sky130_fd_sc_hd__nand3_2)
     1    0.01                           alu_inst._057_ (net)
                  0.20    0.00    9.37 v alu_inst._304_/B1 (sky130_fd_sc_hd__o21ai_4)
                  0.51    0.28    9.65 ^ alu_inst._304_/Y (sky130_fd_sc_hd__o21ai_4)
     5    0.04                           alu_inst._058_ (net)
                  0.51    0.00    9.65 ^ alu_inst._309_/B1_N (sky130_fd_sc_hd__o21bai_4)
                  0.45    0.53   10.18 ^ alu_inst._309_/Y (sky130_fd_sc_hd__o21bai_4)
     3    0.04                           alu_inst._063_ (net)
                  0.45    0.01   10.19 ^ alu_inst._382_/A1 (sky130_fd_sc_hd__a21oi_4)
                  0.27    0.40   10.59 v alu_inst._382_/Y (sky130_fd_sc_hd__a21oi_4)
     3    0.05                           alu_inst._128_ (net)
                  0.28    0.02   10.61 v alu_inst._407_/A2 (sky130_fd_sc_hd__o21ai_2)
                  0.29    0.39   11.00 ^ alu_inst._407_/Y (sky130_fd_sc_hd__o21ai_2)
     3    0.01                           alu_inst._149_ (net)
                  0.29    0.00   11.01 ^ alu_inst._409_/A (sky130_fd_sc_hd__nand2_1)
                  0.14    0.23   11.23 v alu_inst._409_/Y (sky130_fd_sc_hd__nand2_1)
     2    0.01                           alu_inst._151_ (net)
                  0.14    0.00   11.23 v alu_inst._415_/B1_N (sky130_fd_sc_hd__a21boi_1)
                  0.17    0.34   11.57 v alu_inst._415_/Y (sky130_fd_sc_hd__a21boi_1)
     2    0.01                           alu_inst._156_ (net)
                  0.17    0.00   11.58 v alu_inst._417_/A1 (sky130_fd_sc_hd__a21oi_1)
                  0.18    0.27   11.85 ^ alu_inst._417_/Y (sky130_fd_sc_hd__a21oi_1)
     1    0.00                           alu_inst._158_ (net)
                  0.18    0.00   11.85 ^ alu_inst._418_/B1 (sky130_fd_sc_hd__o31a_2)
                  0.33    0.55   12.39 ^ alu_inst._418_/X (sky130_fd_sc_hd__o31a_2)
     5    0.04                           alu_inst.y[21] (net)
                  0.33    0.01   12.40 ^ _149_/A (sky130_fd_sc_hd__buf_4)
                  0.35    0.54   12.94 ^ _149_/X (sky130_fd_sc_hd__buf_4)
     1    0.08                           net15 (net)
                  0.36    0.03   12.97 ^ output15/A (sky130_fd_sc_hd__clkbuf_4)
                  0.18    0.48   13.45 ^ output15/X (sky130_fd_sc_hd__clkbuf_4)
     1    0.03                           out[21] (net)
                  0.18    0.00   13.45 ^ out[21] (out)
                                 13.45   data arrival time

                         10.00   10.00   clock clk (rise edge)
                          0.00   10.00   clock network delay (propagated)
                         -0.25    9.75   clock uncertainty
                          0.00    9.75   clock reconvergence pessimism
                         -2.00    7.75   output external delay
                                  7.75   data required time
-----------------------------------------------------------------------------
                                  7.75   data required time
                                -13.45   data arrival time
-----------------------------------------------------------------------------
                                 -5.70   slack (VIOLATED)



======================= Typical Corner ===================================

Startpoint: reset (input port clocked by clk)
Endpoint: pc_inst._249_ (recovery check against rising-edge clock clk)
Path Group: asynchronous
Path Type: max
Corner: Typical

Fanout     Cap    Slew   Delay    Time   Description
-----------------------------------------------------------------------------
                          0.00    0.00   clock clk (rise edge)
                          0.00    0.00   clock network delay (propagated)
                          2.00    2.00 v input external delay
                  0.01    0.00    2.00 v reset (in)
     1    0.00                           reset (net)
                  0.01    0.00    2.00 v hold21/A (sky130_fd_sc_hd__dlygate4sd3_1)
                  0.05    0.56    2.56 v hold21/X (sky130_fd_sc_hd__dlygate4sd3_1)
     1    0.00                           net126 (net)
                  0.05    0.00    2.56 v input1/A (sky130_fd_sc_hd__buf_2)
                  0.17    0.25    2.81 v input1/X (sky130_fd_sc_hd__buf_2)
     1    0.07                           net1 (net)
                  0.17    0.02    2.83 v pc_inst._215_/A (sky130_fd_sc_hd__buf_1)
                  0.08    0.19    3.02 v pc_inst._215_/X (sky130_fd_sc_hd__buf_1)
     2    0.01                           pc_inst._116_ (net)
                  0.08    0.00    3.02 v pc_inst._217_/A (sky130_fd_sc_hd__inv_2)
                  0.04    0.06    3.08 ^ pc_inst._217_/Y (sky130_fd_sc_hd__inv_2)
     1    0.00                           pc_inst._031_ (net)
                  0.04    0.00    3.08 ^ pc_inst._249_/RESET_B (sky130_fd_sc_hd__dfrtp_4)
                                  3.08   data arrival time

                         10.00   10.00   clock clk (rise edge)
                          0.00   10.00   clock source latency
                  0.50    0.34   10.34 ^ clk (in)
     2    0.11                           clk (net)
                  0.50    0.00   10.34 ^ clkbuf_0_clk/A (sky130_fd_sc_hd__clkbuf_16)
                  0.20    0.34   10.67 ^ clkbuf_0_clk/X (sky130_fd_sc_hd__clkbuf_16)
     4    0.18                           clknet_0_clk (net)
                  0.20    0.01   10.69 ^ clkbuf_2_1_0_clk/A (sky130_fd_sc_hd__clkbuf_8)
                  0.18    0.26   10.95 ^ clkbuf_2_1_0_clk/X (sky130_fd_sc_hd__clkbuf_8)
     4    0.10                           clknet_2_1_0_clk (net)
                  0.18    0.01   10.95 ^ clkbuf_4_6__f_clk/A (sky130_fd_sc_hd__clkbuf_16)
                  0.19    0.26   11.21 ^ clkbuf_4_6__f_clk/X (sky130_fd_sc_hd__clkbuf_16)
    12    0.18                           clknet_4_6__leaf_clk (net)
                  0.19    0.02   11.23 ^ clkbuf_leaf_166_clk/A (sky130_fd_sc_hd__clkbuf_16)
                  0.04    0.16   11.39 ^ clkbuf_leaf_166_clk/X (sky130_fd_sc_hd__clkbuf_16)
     4    0.02                           clknet_leaf_166_clk (net)
                  0.04    0.00   11.39 ^ pc_inst._249_/CLK (sky130_fd_sc_hd__dfrtp_4)
                         -0.25   11.14   clock uncertainty
                          0.00   11.14   clock reconvergence pessimism
                          0.22   11.36   library recovery time
                                 11.36   data required time
-----------------------------------------------------------------------------
                                 11.36   data required time
                                 -3.08   data arrival time
-----------------------------------------------------------------------------
                                  8.28   slack (MET)


Startpoint: pc_inst._248_ (rising edge-triggered flip-flop clocked by clk)
Endpoint: out[21] (output port clocked by clk)
Path Group: clk
Path Type: max
Corner: Typical

Fanout     Cap    Slew   Delay    Time   Description
-----------------------------------------------------------------------------
                          0.00    0.00   clock clk (rise edge)
                          0.00    0.00   clock source latency
                  0.50    0.37    0.37 ^ clk (in)
     2    0.11                           clk (net)
                  0.50    0.00    0.37 ^ clkbuf_0_clk/A (sky130_fd_sc_hd__clkbuf_16)
                  0.20    0.37    0.75 ^ clkbuf_0_clk/X (sky130_fd_sc_hd__clkbuf_16)
     4    0.18                           clknet_0_clk (net)
                  0.20    0.01    0.76 ^ clkbuf_2_1_0_clk/A (sky130_fd_sc_hd__clkbuf_8)
                  0.18    0.29    1.05 ^ clkbuf_2_1_0_clk/X (sky130_fd_sc_hd__clkbuf_8)
     4    0.10                           clknet_2_1_0_clk (net)
                  0.18    0.01    1.05 ^ clkbuf_4_6__f_clk/A (sky130_fd_sc_hd__clkbuf_16)
                  0.19    0.29    1.34 ^ clkbuf_4_6__f_clk/X (sky130_fd_sc_hd__clkbuf_16)
    12    0.18                           clknet_4_6__leaf_clk (net)
                  0.19    0.02    1.36 ^ clkbuf_leaf_166_clk/A (sky130_fd_sc_hd__clkbuf_16)
                  0.04    0.18    1.54 ^ clkbuf_leaf_166_clk/X (sky130_fd_sc_hd__clkbuf_16)
     4    0.02                           clknet_leaf_166_clk (net)
                  0.04    0.00    1.54 ^ pc_inst._248_/CLK (sky130_fd_sc_hd__dfrtp_1)
                  0.11    0.44    1.99 v pc_inst._248_/Q (sky130_fd_sc_hd__dfrtp_1)
     5    0.02                           imem_inst.addr[2] (net)
                  0.11    0.00    1.99 v rebuffer6/A (sky130_fd_sc_hd__clkbuf_2)
                  0.09    0.19    2.18 v rebuffer6/X (sky130_fd_sc_hd__clkbuf_2)
     2    0.02                           net111 (net)
                  0.09    0.00    2.18 v imem_inst._04_/B (sky130_fd_sc_hd__nand2_8)
                  0.23    0.22    2.40 ^ imem_inst._04_/Y (sky130_fd_sc_hd__nand2_8)
    10    0.13                           imem_inst.instr[21] (net)
                  0.23    0.02    2.42 ^ rf._05826_/A (sky130_fd_sc_hd__buf_12)
                  0.20    0.27    2.69 ^ rf._05826_/X (sky130_fd_sc_hd__buf_12)
    10    0.17                           rf._01043_ (net)
                  0.20    0.02    2.71 ^ rf._05907_/A (sky130_fd_sc_hd__buf_6)
                  0.22    0.28    2.99 ^ rf._05907_/X (sky130_fd_sc_hd__buf_6)
    10    0.11                           rf._01124_ (net)
                  0.22    0.01    3.00 ^ rf._06044_/A (sky130_fd_sc_hd__clkbuf_4)
                  0.18    0.31    3.31 ^ rf._06044_/X (sky130_fd_sc_hd__clkbuf_4)
    10    0.06                           rf._01259_ (net)
                  0.18    0.01    3.32 ^ rf._06207_/B1 (sky130_fd_sc_hd__o21ai_1)
                  0.07    0.10    3.42 v rf._06207_/Y (sky130_fd_sc_hd__o21ai_1)
     1    0.00                           rf._01419_ (net)
                  0.07    0.00    3.42 v rf._06210_/A2 (sky130_fd_sc_hd__o211ai_1)
                  0.24    0.25    3.66 ^ rf._06210_/Y (sky130_fd_sc_hd__o211ai_1)
     1    0.01                           rf._01422_ (net)
                  0.24    0.00    3.66 ^ rf._06211_/C1 (sky130_fd_sc_hd__o211ai_2)
                  0.19    0.23    3.90 v rf._06211_/Y (sky130_fd_sc_hd__o211ai_2)
     1    0.03                           rf._01423_ (net)
                  0.19    0.00    3.90 v rf._06212_/C (sky130_fd_sc_hd__nand3_1)
                  0.18    0.23    4.14 ^ rf._06212_/Y (sky130_fd_sc_hd__nand3_1)
     1    0.02                           rf._01424_ (net)
                  0.18    0.00    4.14 ^ rf._06213_/B1 (sky130_fd_sc_hd__o21a_1)
                  0.06    0.17    4.31 ^ rf._06213_/X (sky130_fd_sc_hd__o21a_1)
     1    0.01                           rf.rd2[5] (net)
                  0.06    0.00    4.31 ^ _066_/A (sky130_fd_sc_hd__inv_2)
                  0.02    0.04    4.35 v _066_/Y (sky130_fd_sc_hd__inv_2)
     1    0.01                           _045_ (net)
                  0.02    0.00    4.35 v _068_/A2 (sky130_fd_sc_hd__o21ai_2)
                  0.24    0.22    4.57 ^ _068_/Y (sky130_fd_sc_hd__o21ai_2)
     5    0.02                           alu_inst.b[5] (net)
                  0.24    0.00    4.57 ^ alu_inst._273_/B (sky130_fd_sc_hd__nor2_1)
                  0.10    0.14    4.71 v alu_inst._273_/Y (sky130_fd_sc_hd__nor2_1)
     4    0.01                           alu_inst._030_ (net)
                  0.10    0.00    4.71 v alu_inst._302_/B1 (sky130_fd_sc_hd__a21oi_1)
                  0.21    0.22    4.93 ^ alu_inst._302_/Y (sky130_fd_sc_hd__a21oi_1)
     1    0.01                           alu_inst._056_ (net)
                  0.21    0.00    4.93 ^ alu_inst._303_/C (sky130_fd_sc_hd__nand3_2)
                  0.09    0.14    5.07 v alu_inst._303_/Y (sky130_fd_sc_hd__nand3_2)
     1    0.01                           alu_inst._057_ (net)
                  0.09    0.00    5.07 v alu_inst._304_/B1 (sky130_fd_sc_hd__o21ai_4)
                  0.32    0.16    5.23 ^ alu_inst._304_/Y (sky130_fd_sc_hd__o21ai_4)
     5    0.04                           alu_inst._058_ (net)
                  0.32    0.00    5.23 ^ alu_inst._309_/B1_N (sky130_fd_sc_hd__o21bai_4)
                  0.28    0.27    5.50 ^ alu_inst._309_/Y (sky130_fd_sc_hd__o21bai_4)
     3    0.04                           alu_inst._063_ (net)
                  0.28    0.01    5.51 ^ alu_inst._382_/A1 (sky130_fd_sc_hd__a21oi_4)
                  0.15    0.19    5.70 v alu_inst._382_/Y (sky130_fd_sc_hd__a21oi_4)
     3    0.05                           alu_inst._128_ (net)
                  0.15    0.02    5.71 v alu_inst._407_/A2 (sky130_fd_sc_hd__o21ai_2)
                  0.18    0.23    5.94 ^ alu_inst._407_/Y (sky130_fd_sc_hd__o21ai_2)
     3    0.01                           alu_inst._149_ (net)
                  0.18    0.00    5.94 ^ alu_inst._409_/A (sky130_fd_sc_hd__nand2_1)
                  0.08    0.10    6.04 v alu_inst._409_/Y (sky130_fd_sc_hd__nand2_1)
     2    0.01                           alu_inst._151_ (net)
                  0.08    0.00    6.04 v alu_inst._415_/B1_N (sky130_fd_sc_hd__a21boi_1)
                  0.09    0.16    6.21 v alu_inst._415_/Y (sky130_fd_sc_hd__a21boi_1)
     2    0.01                           alu_inst._156_ (net)
                  0.09    0.00    6.21 v alu_inst._417_/A1 (sky130_fd_sc_hd__a21oi_1)
                  0.11    0.15    6.36 ^ alu_inst._417_/Y (sky130_fd_sc_hd__a21oi_1)
     1    0.00                           alu_inst._158_ (net)
                  0.11    0.00    6.36 ^ alu_inst._418_/B1 (sky130_fd_sc_hd__o31a_2)
                  0.20    0.29    6.65 ^ alu_inst._418_/X (sky130_fd_sc_hd__o31a_2)
     5    0.04                           alu_inst.y[21] (net)
                  0.20    0.01    6.65 ^ _149_/A (sky130_fd_sc_hd__buf_4)
                  0.22    0.29    6.94 ^ _149_/X (sky130_fd_sc_hd__buf_4)
     1    0.08                           net15 (net)
                  0.23    0.03    6.97 ^ output15/A (sky130_fd_sc_hd__clkbuf_4)
                  0.11    0.26    7.23 ^ output15/X (sky130_fd_sc_hd__clkbuf_4)
     1    0.03                           out[21] (net)
                  0.11    0.00    7.23 ^ out[21] (out)
                                  7.23   data arrival time

                         10.00   10.00   clock clk (rise edge)
                          0.00   10.00   clock network delay (propagated)
                         -0.25    9.75   clock uncertainty
                          0.00    9.75   clock reconvergence pessimism
                         -2.00    7.75   output external delay
                                  7.75   data required time
-----------------------------------------------------------------------------
                                  7.75   data required time
                                 -7.23   data arrival time
-----------------------------------------------------------------------------
                                  0.52   slack (MET)




===========================================================================
report_checks --slack_max -0.01
============================================================================
======================= Fastest Corner ===================================

No paths found.

======================= Slowest Corner ===================================

Startpoint: pc_inst._248_ (rising edge-triggered flip-flop clocked by clk)
Endpoint: out[21] (output port clocked by clk)
Path Group: clk
Path Type: max
Corner: Slowest

Fanout     Cap    Slew   Delay    Time   Description
-----------------------------------------------------------------------------
                          0.00    0.00   clock clk (rise edge)
                          0.00    0.00   clock source latency
                  0.81    0.59    0.59 ^ clk (in)
     2    0.11                           clk (net)
                  0.81    0.00    0.59 ^ clkbuf_0_clk/A (sky130_fd_sc_hd__clkbuf_16)
                  0.30    0.72    1.32 ^ clkbuf_0_clk/X (sky130_fd_sc_hd__clkbuf_16)
     4    0.18                           clknet_0_clk (net)
                  0.30    0.01    1.33 ^ clkbuf_2_1_0_clk/A (sky130_fd_sc_hd__clkbuf_8)
                  0.27    0.51    1.84 ^ clkbuf_2_1_0_clk/X (sky130_fd_sc_hd__clkbuf_8)
     4    0.10                           clknet_2_1_0_clk (net)
                  0.27    0.01    1.84 ^ clkbuf_4_6__f_clk/A (sky130_fd_sc_hd__clkbuf_16)
                  0.29    0.50    2.34 ^ clkbuf_4_6__f_clk/X (sky130_fd_sc_hd__clkbuf_16)
    12    0.18                           clknet_4_6__leaf_clk (net)
                  0.29    0.02    2.36 ^ clkbuf_leaf_166_clk/A (sky130_fd_sc_hd__clkbuf_16)
                  0.07    0.33    2.69 ^ clkbuf_leaf_166_clk/X (sky130_fd_sc_hd__clkbuf_16)
     4    0.02                           clknet_leaf_166_clk (net)
                  0.07    0.00    2.70 ^ pc_inst._248_/CLK (sky130_fd_sc_hd__dfrtp_1)
                  0.20    0.91    3.60 v pc_inst._248_/Q (sky130_fd_sc_hd__dfrtp_1)
     5    0.02                           imem_inst.addr[2] (net)
                  0.20    0.00    3.61 v rebuffer6/A (sky130_fd_sc_hd__clkbuf_2)
                  0.17    0.36    3.97 v rebuffer6/X (sky130_fd_sc_hd__clkbuf_2)
     2    0.02                           net111 (net)
                  0.17    0.00    3.97 v imem_inst._04_/B (sky130_fd_sc_hd__nand2_8)
                  0.35    0.37    4.34 ^ imem_inst._04_/Y (sky130_fd_sc_hd__nand2_8)
    10    0.13                           imem_inst.instr[21] (net)
                  0.35    0.02    4.36 ^ rf._05826_/A (sky130_fd_sc_hd__buf_12)
                  0.31    0.49    4.85 ^ rf._05826_/X (sky130_fd_sc_hd__buf_12)
    10    0.17                           rf._01043_ (net)
                  0.31    0.02    4.87 ^ rf._05907_/A (sky130_fd_sc_hd__buf_6)
                  0.34    0.50    5.38 ^ rf._05907_/X (sky130_fd_sc_hd__buf_6)
    10    0.11                           rf._01124_ (net)
                  0.34    0.01    5.39 ^ rf._06044_/A (sky130_fd_sc_hd__clkbuf_4)
                  0.29    0.55    5.94 ^ rf._06044_/X (sky130_fd_sc_hd__clkbuf_4)
    10    0.06                           rf._01259_ (net)
                  0.29    0.01    5.95 ^ rf._06207_/B1 (sky130_fd_sc_hd__o21ai_1)
                  0.12    0.22    6.17 v rf._06207_/Y (sky130_fd_sc_hd__o21ai_1)
     1    0.00                           rf._01419_ (net)
                  0.12    0.00    6.17 v rf._06210_/A2 (sky130_fd_sc_hd__o211ai_1)
                  0.40    0.43    6.60 ^ rf._06210_/Y (sky130_fd_sc_hd__o211ai_1)
     1    0.01                           rf._01422_ (net)
                  0.40    0.00    6.60 ^ rf._06211_/C1 (sky130_fd_sc_hd__o211ai_2)
                  0.40    0.51    7.12 v rf._06211_/Y (sky130_fd_sc_hd__o211ai_2)
     1    0.03                           rf._01423_ (net)
                  0.40    0.00    7.12 v rf._06212_/C (sky130_fd_sc_hd__nand3_1)
                  0.29    0.43    7.55 ^ rf._06212_/Y (sky130_fd_sc_hd__nand3_1)
     1    0.02                           rf._01424_ (net)
                  0.29    0.00    7.55 ^ rf._06213_/B1 (sky130_fd_sc_hd__o21a_1)
                  0.11    0.35    7.90 ^ rf._06213_/X (sky130_fd_sc_hd__o21a_1)
     1    0.01                           rf.rd2[5] (net)
                  0.11    0.00    7.91 ^ _066_/A (sky130_fd_sc_hd__inv_2)
                  0.04    0.08    7.99 v _066_/Y (sky130_fd_sc_hd__inv_2)
     1    0.01                           _045_ (net)
                  0.04    0.00    7.99 v _068_/A2 (sky130_fd_sc_hd__o21ai_2)
                  0.39    0.38    8.36 ^ _068_/Y (sky130_fd_sc_hd__o21ai_2)
     5    0.02                           alu_inst.b[5] (net)
                  0.39    0.00    8.36 ^ alu_inst._288_/B (sky130_fd_sc_hd__nand2_1)
                  0.13    0.26    8.63 v alu_inst._288_/Y (sky130_fd_sc_hd__nand2_1)
     2    0.01                           alu_inst._044_ (net)
                  0.13    0.00    8.63 v alu_inst._302_/A2 (sky130_fd_sc_hd__a21oi_1)
                  0.35    0.41    9.04 ^ alu_inst._302_/Y (sky130_fd_sc_hd__a21oi_1)
     1    0.01                           alu_inst._056_ (net)
                  0.35    0.00    9.04 ^ alu_inst._303_/C (sky130_fd_sc_hd__nand3_2)
                  0.20    0.33    9.37 v alu_inst._303_/Y (sky130_fd_sc_hd__nand3_2)
     1    0.01                           alu_inst._057_ (net)
                  0.20    0.00    9.37 v alu_inst._304_/B1 (sky130_fd_sc_hd__o21ai_4)
                  0.51    0.28    9.65 ^ alu_inst._304_/Y (sky130_fd_sc_hd__o21ai_4)
     5    0.04                           alu_inst._058_ (net)
                  0.51    0.00    9.65 ^ alu_inst._309_/B1_N (sky130_fd_sc_hd__o21bai_4)
                  0.45    0.53   10.18 ^ alu_inst._309_/Y (sky130_fd_sc_hd__o21bai_4)
     3    0.04                           alu_inst._063_ (net)
                  0.45    0.01   10.19 ^ alu_inst._382_/A1 (sky130_fd_sc_hd__a21oi_4)
                  0.27    0.40   10.59 v alu_inst._382_/Y (sky130_fd_sc_hd__a21oi_4)
     3    0.05                           alu_inst._128_ (net)
                  0.28    0.02   10.61 v alu_inst._407_/A2 (sky130_fd_sc_hd__o21ai_2)
                  0.29    0.39   11.00 ^ alu_inst._407_/Y (sky130_fd_sc_hd__o21ai_2)
     3    0.01                           alu_inst._149_ (net)
                  0.29    0.00   11.01 ^ alu_inst._409_/A (sky130_fd_sc_hd__nand2_1)
                  0.14    0.23   11.23 v alu_inst._409_/Y (sky130_fd_sc_hd__nand2_1)
     2    0.01                           alu_inst._151_ (net)
                  0.14    0.00   11.23 v alu_inst._415_/B1_N (sky130_fd_sc_hd__a21boi_1)
                  0.17    0.34   11.57 v alu_inst._415_/Y (sky130_fd_sc_hd__a21boi_1)
     2    0.01                           alu_inst._156_ (net)
                  0.17    0.00   11.58 v alu_inst._417_/A1 (sky130_fd_sc_hd__a21oi_1)
                  0.18    0.27   11.85 ^ alu_inst._417_/Y (sky130_fd_sc_hd__a21oi_1)
     1    0.00                           alu_inst._158_ (net)
                  0.18    0.00   11.85 ^ alu_inst._418_/B1 (sky130_fd_sc_hd__o31a_2)
                  0.33    0.55   12.39 ^ alu_inst._418_/X (sky130_fd_sc_hd__o31a_2)
     5    0.04                           alu_inst.y[21] (net)
                  0.33    0.01   12.40 ^ _149_/A (sky130_fd_sc_hd__buf_4)
                  0.35    0.54   12.94 ^ _149_/X (sky130_fd_sc_hd__buf_4)
     1    0.08                           net15 (net)
                  0.36    0.03   12.97 ^ output15/A (sky130_fd_sc_hd__clkbuf_4)
                  0.18    0.48   13.45 ^ output15/X (sky130_fd_sc_hd__clkbuf_4)
     1    0.03                           out[21] (net)
                  0.18    0.00   13.45 ^ out[21] (out)
                                 13.45   data arrival time

                         10.00   10.00   clock clk (rise edge)
                          0.00   10.00   clock network delay (propagated)
                         -0.25    9.75   clock uncertainty
                          0.00    9.75   clock reconvergence pessimism
                         -2.00    7.75   output external delay
                                  7.75   data required time
-----------------------------------------------------------------------------
                                  7.75   data required time
                                -13.45   data arrival time
-----------------------------------------------------------------------------
                                 -5.70   slack (VIOLATED)



======================= Typical Corner ===================================

No paths found.


===========================================================================
 report_check_types -max_slew -max_cap -max_fanout -violators
============================================================================
======================= Fastest Corner ===================================

max fanout

Pin                                   Limit Fanout  Slack
---------------------------------------------------------
rf._10063_/X                             10     26    -16 (VIOLATED)
clkbuf_4_2__f_clk/X                      10     14     -4 (VIOLATED)
clkbuf_4_11__f_clk/X                     10     13     -3 (VIOLATED)
clkbuf_4_13__f_clk/X                     10     13     -3 (VIOLATED)
clkbuf_4_14__f_clk/X                     10     13     -3 (VIOLATED)
clkbuf_4_1__f_clk/X                      10     13     -3 (VIOLATED)
clkbuf_4_7__f_clk/X                      10     13     -3 (VIOLATED)
clkbuf_4_8__f_clk/X                      10     13     -3 (VIOLATED)
clkbuf_4_9__f_clk/X                      10     13     -3 (VIOLATED)
rf._09407_/X                             10     13     -3 (VIOLATED)
rf._10924_/X                             10     13     -3 (VIOLATED)
clkbuf_4_15__f_clk/X                     10     12     -2 (VIOLATED)
clkbuf_4_6__f_clk/X                      10     12     -2 (VIOLATED)
rf._10075_/X                             10     12     -2 (VIOLATED)
clkbuf_4_0__f_clk/X                      10     11        (VIOLATED)
clkbuf_4_10__f_clk/X                     10     11        (VIOLATED)
clkbuf_4_12__f_clk/X                     10     11        (VIOLATED)
clkbuf_4_3__f_clk/X                      10     11        (VIOLATED)
clkbuf_4_4__f_clk/X                      10     11        (VIOLATED)
clkbuf_leaf_103_clk/X                    10     11        (VIOLATED)
rf._10066_/X                             10     11        (VIOLATED)
rf._10072_/X                             10     11        (VIOLATED)


======================= Slowest Corner ===================================

max slew

Pin                                    Limit    Slew   Slack
------------------------------------------------------------
rf._09768_/D                            0.75    0.86   -0.11 (VIOLATED)
rf._10044_/C                            0.75    0.86   -0.11 (VIOLATED)
rf._10343_/D                            0.75    0.86   -0.11 (VIOLATED)
rf._10619_/C                            0.75    0.86   -0.11 (VIOLATED)
rf._11474_/D                            0.75    0.86   -0.11 (VIOLATED)
rf._11199_/B                            0.75    0.86   -0.11 (VIOLATED)
rf._09767_/Y                            0.75    0.86   -0.11 (VIOLATED)
rf._10892_/C                            0.75    0.86   -0.11 (VIOLATED)
clkbuf_0_clk/A                          0.75    0.81   -0.06 (VIOLATED)
ANTENNA_1/DIODE                         0.75    0.81   -0.06 (VIOLATED)
clk                                     0.75    0.81   -0.06 (VIOLATED)
rf._09763_/S                            0.75    0.78   -0.03 (VIOLATED)
max_cap40/A                             0.75    0.78   -0.03 (VIOLATED)
rf._09721_/A                            0.75    0.78   -0.03 (VIOLATED)
rf._09742_/A                            0.75    0.78   -0.03 (VIOLATED)
rf._09699_/Y                            0.75    0.78   -0.03 (VIOLATED)
rf._07673_/A1                           0.75    0.78   -0.03 (VIOLATED)
rf._07641_/Y                            0.75    0.78   -0.03 (VIOLATED)
rf._09906_/D                            0.75    0.78   -0.03 (VIOLATED)
rf._10207_/C                            0.75    0.78   -0.03 (VIOLATED)
rf._10481_/D                            0.75    0.78   -0.03 (VIOLATED)
rf._11542_/D_N                          0.75    0.78   -0.03 (VIOLATED)
rf._11061_/C                            0.75    0.78   -0.03 (VIOLATED)
rf._11336_/B                            0.75    0.78   -0.03 (VIOLATED)
rf._10755_/C                            0.75    0.78   -0.03 (VIOLATED)
rf._11610_/D                            0.75    0.78   -0.03 (VIOLATED)
rf._09905_/Y                            0.75    0.78   -0.03 (VIOLATED)
max_cap39/A                             0.75    0.76   -0.01 (VIOLATED)
rf._10823_/Y                            0.75    0.76   -0.01 (VIOLATED)
rf._10866_/A                            0.75    0.76   -0.01 (VIOLATED)
rf._05809_/A                            0.75    0.76   -0.01 (VIOLATED)
rf._05863_/A                            0.75    0.76   -0.01 (VIOLATED)
_061_/B                                 0.75    0.76   -0.01 (VIOLATED)
imem_inst._09_/Y                        0.75    0.76   -0.01 (VIOLATED)

max fanout

Pin                                   Limit Fanout  Slack
---------------------------------------------------------
rf._10063_/X                             10     26    -16 (VIOLATED)
clkbuf_4_2__f_clk/X                      10     14     -4 (VIOLATED)
clkbuf_4_11__f_clk/X                     10     13     -3 (VIOLATED)
clkbuf_4_13__f_clk/X                     10     13     -3 (VIOLATED)
clkbuf_4_14__f_clk/X                     10     13     -3 (VIOLATED)
clkbuf_4_1__f_clk/X                      10     13     -3 (VIOLATED)
clkbuf_4_7__f_clk/X                      10     13     -3 (VIOLATED)
clkbuf_4_8__f_clk/X                      10     13     -3 (VIOLATED)
clkbuf_4_9__f_clk/X                      10     13     -3 (VIOLATED)
rf._09407_/X                             10     13     -3 (VIOLATED)
rf._10924_/X                             10     13     -3 (VIOLATED)
clkbuf_4_15__f_clk/X                     10     12     -2 (VIOLATED)
clkbuf_4_6__f_clk/X                      10     12     -2 (VIOLATED)
rf._10075_/X                             10     12     -2 (VIOLATED)
clkbuf_4_0__f_clk/X                      10     11        (VIOLATED)
clkbuf_4_10__f_clk/X                     10     11        (VIOLATED)
clkbuf_4_12__f_clk/X                     10     11        (VIOLATED)
clkbuf_4_3__f_clk/X                      10     11        (VIOLATED)
clkbuf_4_4__f_clk/X                      10     11        (VIOLATED)
clkbuf_leaf_103_clk/X                    10     11        (VIOLATED)
rf._10066_/X                             10     11        (VIOLATED)
rf._10072_/X                             10     11        (VIOLATED)


======================= Typical Corner ===================================

max fanout

Pin                                   Limit Fanout  Slack
---------------------------------------------------------
rf._10063_/X                             10     26    -16 (VIOLATED)
clkbuf_4_2__f_clk/X                      10     14     -4 (VIOLATED)
clkbuf_4_11__f_clk/X                     10     13     -3 (VIOLATED)
clkbuf_4_13__f_clk/X                     10     13     -3 (VIOLATED)
clkbuf_4_14__f_clk/X                     10     13     -3 (VIOLATED)
clkbuf_4_1__f_clk/X                      10     13     -3 (VIOLATED)
clkbuf_4_7__f_clk/X                      10     13     -3 (VIOLATED)
clkbuf_4_8__f_clk/X                      10     13     -3 (VIOLATED)
clkbuf_4_9__f_clk/X                      10     13     -3 (VIOLATED)
rf._09407_/X                             10     13     -3 (VIOLATED)
rf._10924_/X                             10     13     -3 (VIOLATED)
clkbuf_4_15__f_clk/X                     10     12     -2 (VIOLATED)
clkbuf_4_6__f_clk/X                      10     12     -2 (VIOLATED)
rf._10075_/X                             10     12     -2 (VIOLATED)
clkbuf_4_0__f_clk/X                      10     11        (VIOLATED)
clkbuf_4_10__f_clk/X                     10     11        (VIOLATED)
clkbuf_4_12__f_clk/X                     10     11        (VIOLATED)
clkbuf_4_3__f_clk/X                      10     11        (VIOLATED)
clkbuf_4_4__f_clk/X                      10     11        (VIOLATED)
clkbuf_leaf_103_clk/X                    10     11        (VIOLATED)
rf._10066_/X                             10     11        (VIOLATED)
rf._10072_/X                             10     11        (VIOLATED)



===========================================================================
report_parasitic_annotation -report_unannotated
============================================================================
Found 65 unannotated drivers.
 _051__89/HI
 _067__95/HI
 _070__96/HI
 _073__97/HI
 _076__98/HI
 _079__99/HI
 _082__100/HI
 _085__101/HI
 alu_inst._237__41/HI
 alu_inst._242__42/HI
 alu_inst._310__43/HI
 alu_inst._317__44/HI
 alu_inst._417__45/HI
 alu_inst._430__46/HI
 alu_inst._447__47/HI
 alu_inst._451__48/HI
 alu_inst._467__49/HI
 ctrl._07__51/HI
 ctrl._08__50/HI
 ctrl._09__102/LO
 ctrl._09__103/LO
 ctrl._10__52/HI
 ctrl._11__104/LO
 ctrl._15__105/LO
 ctrl._15__53/HI
 rf._05811__90/HI
 rf._05817__91/HI
 rf._05829__92/HI
 rf._05844__93/HI
 rf._05865__94/HI
 rf._07627__88/HI
 rf._07633__82/HI
 rf._07648__85/HI
 rf._07652__86/HI
 rf._07659__83/HI
 rf._07666__84/HI
 rf._07702__87/HI
 rf._09385__72/HI
 rf._09387__54/HI
 rf._09390__62/HI
 rf._09560__55/HI
 rf._09560__63/HI
 rf._09560__73/HI
 rf._10343__56/HI
 rf._10343__64/HI
 rf._10481__57/HI
 rf._10481__65/HI
 rf._10481__74/HI
 rf._10550__58/HI
 rf._10550__66/HI
 rf._10550__75/HI
 rf._10892__59/HI
 rf._10892__76/HI
 rf._11061__60/HI
 rf._11061__67/HI
 rf._11061__77/HI
 rf._11130__61/HI
 rf._11130__68/HI
 rf._11130__78/HI
 rf._11199__69/HI
 rf._11199__79/HI
 rf._11336__70/HI
 rf._11336__80/HI
 rf._11405__71/HI
 rf._11405__81/HI
Found 0 partially unannotated drivers.

===========================================================================
max slew violation count 34
max fanout violation count 22
max cap violation count 0
============================================================================

===========================================================================
check_setup -verbose -unconstrained_endpoints -multiple_clock -no_clock -no_input_delay -loops -generated_clocks
===========================================================================
