OpenROAD 41a51eaf4ca2171c92ff38afb91eb37bbd3f36da 
This program is licensed under the BSD-3 license. See the LICENSE file for details.
Components of this program may be licensed under more restrictive licenses which must be honored.
[INFO]: Reading ODB at '/openlane/designs/risc_v_cpu/runs/RUN_2026.03.30_12.09.48/results/cts/cpu.odb'…
define_corners Slowest Typical Fastest
read_liberty -corner Slowest /Users/nikhilshivhare/.ciel/sky130A/libs.ref/sky130_fd_sc_hd/lib/sky130_fd_sc_hd__ss_100C_1v60.lib
read_liberty -corner Typical /Users/nikhilshivhare/.ciel/sky130A/libs.ref/sky130_fd_sc_hd/lib/sky130_fd_sc_hd__tt_025C_1v80.lib
read_liberty -corner Fastest /Users/nikhilshivhare/.ciel/sky130A/libs.ref/sky130_fd_sc_hd/lib/sky130_fd_sc_hd__ff_n40C_1v95.lib
Using 1e-12 for capacitance...
Using 1e+03 for resistance...
Using 1e-09 for time...
Using 1e+00 for voltage...
Using 1e-03 for current...
Using 1e-09 for power...
Using 1e-06 for distance...
Reading design constraints file at '/openlane/designs/risc_v_cpu/runs/RUN_2026.03.30_12.09.48/results/cts/cpu.sdc'…
[INFO]: Setting RC values...
[INFO RSZ-0045] Inserted 11 buffers, 1 to split loads.
[INFO RSZ-0041] Resized 116 instances.
[INFO RSZ-0043] Swapped pins on 1 instances.
[WARNING RSZ-0062] Unable to repair all setup violations.
[INFO RSZ-0046] Found 782 endpoints with hold violations.
[INFO RSZ-0032] Inserted 781 hold buffers.
Placement Analysis
---------------------------------
total displacement       2487.1 u
average displacement        0.1 u
max displacement            7.0 u
original HPWL          312245.1 u
legalized HPWL         318124.6 u
delta HPWL                    2 %

[INFO DPL-0020] Mirrored 3048 instances
[INFO DPL-0021] HPWL before          318124.6 u
[INFO DPL-0022] HPWL after           312739.0 u
[INFO DPL-0023] HPWL delta               -1.7 %
Setting global connections for newly added cells…
Writing OpenROAD database to '/openlane/designs/risc_v_cpu/runs/RUN_2026.03.30_12.09.48/tmp/cts/14-cpu.resized.odb'…
Writing netlist to '/openlane/designs/risc_v_cpu/runs/RUN_2026.03.30_12.09.48/tmp/cts/14-cpu.resized.nl.v'…
Writing powered netlist to '/openlane/designs/risc_v_cpu/runs/RUN_2026.03.30_12.09.48/tmp/cts/14-cpu.resized.pnl.v'…
Writing layout to '/openlane/designs/risc_v_cpu/runs/RUN_2026.03.30_12.09.48/tmp/cts/14-cpu.resized.def'…
Writing timing constraints to '/openlane/designs/risc_v_cpu/runs/RUN_2026.03.30_12.09.48/tmp/cts/14-cpu.resized.sdc'…
area_report

===========================================================================
report_design_area
============================================================================
Design area 90938 u^2 15% utilization.
area_report_end
